#
# There is insufficient memory for the Java Runtime Environment to continue.
# Native memory allocation (mmap) failed to map 262144 bytes for committing reserved memory.
# Possible reasons:
#   The system is out of physical RAM or swap space
#   The process is running with CompressedOops enabled, and the Java Heap may be blocking the growth of the native heap
# Possible solutions:
#   Reduce memory load on the system
#   Increase physical memory or swap space
#   Check if swap backing store is full
#   Decrease Java heap size (-Xmx/-Xms)
#   Decrease number of Java threads
#   Decrease Java thread stack sizes (-Xss)
#   Set larger code cache with -XX:ReservedCodeCacheSize=
#   JVM is running with Unscaled Compressed Oops mode in which the Java heap is
#     placed in the first 4GB address space. The Java Heap base address is the
#     maximum limit for the native heap growth. Please use -XX:HeapBaseMinAddress
#     to set the Java Heap base and to place the Java Heap above 4GB virtual address.
# This output file may be truncated or incomplete.
#
#  Out of Memory Error (os_linux.cpp:2756), pid=4830, tid=0x00007f3b666df700
#
# JRE version: OpenJDK Runtime Environment (8.0_212-b03) (build 1.8.0_212-8u212-b03-0ubuntu1.16.04.1-b03)
# Java VM: OpenJDK 64-Bit Server VM (25.212-b03 mixed mode linux-amd64 compressed oops)
# Failed to write core dump. Core dumps have been disabled. To enable core dumping, try "ulimit -c unlimited" before starting Java again
#

---------------  T H R E A D  ---------------

Current thread (0x00007f3b6000a800):  JavaThread "main" [_thread_in_vm, id=4831, stack(0x00007f3b665df000,0x00007f3b666e0000)]

Stack: [0x00007f3b665df000,0x00007f3b666e0000],  sp=0x00007f3b666db710,  free space=1009k
Native frames: (J=compiled Java code, j=interpreted, Vv=VM code, C=native code)
V  [libjvm.so+0xa75a3b]
V  [libjvm.so+0x4c9e6c]
V  [libjvm.so+0x8c2798]
V  [libjvm.so+0x8b9dde]
V  [libjvm.so+0xa72194]
V  [libjvm.so+0x83cfb5]
V  [libjvm.so+0x83d1bf]
V  [libjvm.so+0x83e50b]
V  [libjvm.so+0x83e683]
V  [libjvm.so+0x83fb1b]
V  [libjvm.so+0x83fd8b]
V  [libjvm.so+0x846dd4]
V  [libjvm.so+0x42a8f0]
V  [libjvm.so+0x42b30f]
V  [libjvm.so+0x42d0e9]
V  [libjvm.so+0x9e97da]
V  [libjvm.so+0xa3aa00]
J 2623  sun.misc.Unsafe.defineAnonymousClass(Ljava/lang/Class;[B[Ljava/lang/Object;)Ljava/lang/Class; (0 bytes) @ 0x00007f3b570830aa [0x00007f3b57082fc0+0xea]
J 2680 C1 java.lang.invoke.InnerClassLambdaMetafactory.spinInnerClass()Ljava/lang/Class; (515 bytes) @ 0x00007f3b57419e72 [0x00007f3b57419100+0xd72]
J 2758 C1 java.lang.invoke.InnerClassLambdaMetafactory.buildCallSite()Ljava/lang/invoke/CallSite; (156 bytes) @ 0x00007f3b5709bf0e [0x00007f3b5709bea0+0x6e]
J 2675 C1 java.lang.invoke.LambdaMetafactory.altMetafactory(Ljava/lang/invoke/MethodHandles$Lookup;Ljava/lang/String;Ljava/lang/invoke/MethodType;[Ljava/lang/Object;)Ljava/lang/invoke/CallSite; (287 bytes) @ 0x00007f3b570b06e1 [0x00007f3b570afdc0+0x921]
J 10148 C2 java.lang.invoke.LambdaForm$DMH.invokeStatic_L4_L(Ljava/lang/Object;Ljava/lang/Object;Ljava/lang/Object;Ljava/lang/Object;Ljava/lang/Object;)Ljava/lang/Object; (20 bytes) @ 0x00007f3b5846e454 [0x00007f3b5846e420+0x34]
J 2718 C1 java.lang.invoke.LambdaForm$BMH.reinvoke(Ljava/lang/Object;Ljava/lang/Object;Ljava/lang/Object;Ljava/lang/Object;Ljava/lang/Object;Ljava/lang/Object;Ljava/lang/Object;Ljava/lang/Object;Ljava/lang/Object;Ljava/lang/Object;Ljava/lang/Object;Ljava/lang/Object;)Ljava/lang/Object; (128 bytes) @ 0x00007f3b573c1035 [0x00007f3b573c0ac0+0x575]
J 2573 C1 java.lang.invoke.LambdaForm$MH.invoker(Ljava/lang/Object;Ljava/lang/Object;Ljava/lang/Object;Ljava/lang/Object;Ljava/lang/Object;Ljava/lang/Object;)Ljava/lang/Object; (117 bytes) @ 0x00007f3b570a1cb8 [0x00007f3b570a1920+0x398]
J 2446 C1 java.lang.invoke.CallSite.makeSite(Ljava/lang/invoke/MethodHandle;Ljava/lang/String;Ljava/lang/invoke/MethodType;Ljava/lang/Object;Ljava/lang/Class;)Ljava/lang/invoke/CallSite; (457 bytes) @ 0x00007f3b5768fb7a [0x00007f3b5768dea0+0x1cda]
J 2445 C1 java.lang.invoke.MethodHandleNatives.linkCallSiteImpl(Ljava/lang/Class;Ljava/lang/invoke/MethodHandle;Ljava/lang/String;Ljava/lang/invoke/MethodType;Ljava/lang/Object;[Ljava/lang/Object;)Ljava/lang/invoke/MemberName; (44 bytes) @ 0x00007f3b5768cd51 [0x00007f3b5768cce0+0x71]
J 2444 C1 java.lang.invoke.MethodHandleNatives.linkCallSite(Ljava/lang/Object;Ljava/lang/Object;Ljava/lang/Object;Ljava/lang/Object;Ljava/lang/Object;[Ljava/lang/Object;)Ljava/lang/invoke/MemberName; (65 bytes) @ 0x00007f3b5768c7c5 [0x00007f3b5768c340+0x485]
v  ~StubRoutines::call_stub
V  [libjvm.so+0x6679eb]
V  [libjvm.so+0x6662b4]
V  [libjvm.so+0x9e89e6]
V  [libjvm.so+0x791fea]
V  [libjvm.so+0x793122]
V  [libjvm.so+0x793678]
V  [libjvm.so+0x65c302]
j  sbt.internal.util.ManagedLogger.success(Lscala/Function0;)V+2
j  sbt.internal.Aggregation$.printSuccess(JJLsbt/Extracted;ZLsbt/util/Logger;)V+63
j  sbt.internal.Aggregation$.showRun(Lsbt/internal/Aggregation$Complete;Lsbt/internal/Aggregation$ShowConfig;Lsbt/util/Show;)V+127
j  sbt.internal.Aggregation$.runTasks(Lsbt/State;Lscala/collection/Seq;Lsbt/std/Transform$DummyTaskMap;Lsbt/internal/Aggregation$ShowConfig;Lsbt/util/Show;)Lsbt/State;+16
j  sbt.internal.Aggregation$.$anonfun$applyTasks$1(Lsbt/State;Lsbt/internal/Aggregation$ShowConfig;Lsbt/util/Show;Lscala/collection/Seq;)Lsbt/State;+17
j  sbt.internal.Aggregation$$$Lambda$3082.apply(Ljava/lang/Object;)Ljava/lang/Object;+16
j  sbt.Command$.$anonfun$applyEffect$2(Lscala/Function1;Ljava/lang/Object;)Lsbt/State;+2
j  sbt.Command$$$Lambda$356.apply()Ljava/lang/Object;+8
j  sbt.internal.Aggregation$.$anonfun$evaluatingParser$11(Lsbt/internal/Aggregation$ShowConfig;Lsbt/util/Show;Lscala/collection/Seq;Lscala/Function0;)Lsbt/State;+1
j  sbt.internal.Aggregation$$$Lambda$3084.apply()Ljava/lang/Object;+16
j  sbt.internal.Act$.$anonfun$actParser0$3(Lsbt/State;Lsbt/Extracted;Lscala/collection/Seq;Lscala/Function0;)Lsbt/State;+54
j  sbt.internal.Act$$$Lambda$3086.apply()Ljava/lang/Object;+16
j  sbt.Command$.process(Ljava/lang/String;Lsbt/State;)Lsbt/State;+57
j  sbt.MainLoop$.processCommand(Lsbt/Exec;Lsbt/State;)Lsbt/State;+59
j  sbt.MainLoop$.$anonfun$next$2(Lsbt/Exec;Lsbt/State;)Lsbt/State;+5
j  sbt.MainLoop$$$Lambda$311.apply(Ljava/lang/Object;Ljava/lang/Object;)Ljava/lang/Object;+8
j  sbt.State$$anon$1.runCmd$1(Lsbt/Exec;Lscala/collection/immutable/List;Lscala/Function2;)Lsbt/State;+139
j  sbt.State$$anon$1.process(Lscala/Function2;)Lsbt/State;+66
j  sbt.MainLoop$.$anonfun$next$1(Lsbt/State;)Lsbt/State;+12
j  sbt.MainLoop$$$Lambda$310.apply()Ljava/lang/Object;+4
J 7215 C1 sbt.internal.util.ErrorHandling$.wideConvert(Lscala/Function0;)Lscala/util/Either; (169 bytes) @ 0x00007f3b576ff4c2 [0x00007f3b576ff440+0x82]
j  sbt.MainLoop$.next(Lsbt/State;)Lsbt/State;+14
j  sbt.MainLoop$.run(Lsbt/State;)Lsbt/MainLoop$RunNext;+19
j  sbt.MainLoop$.$anonfun$runWithNewLog$1(Lsbt/State;Lsbt/internal/util/GlobalLogBacking;Ljava/io/BufferedWriter;)Lsbt/MainLoop$RunNext;+128
j  sbt.MainLoop$$$Lambda$303.apply(Ljava/lang/Object;)Ljava/lang/Object;+12
j  sbt.io.Using.apply(Ljava/lang/Object;Lscala/Function1;)Ljava/lang/Object;+8
j  sbt.MainLoop$.runWithNewLog(Lsbt/State;Lsbt/internal/util/GlobalLogBacking;)Lsbt/MainLoop$RunNext;+33
j  sbt.MainLoop$.runAndClearLast(Lsbt/State;Lsbt/internal/util/GlobalLogBacking;)Lsbt/MainLoop$RunNext;+3
j  sbt.MainLoop$.runLoggedLoop(Lsbt/State;Lsbt/internal/util/GlobalLogBacking;)Lxsbti/MainResult;+3
j  sbt.MainLoop$.runLogged(Lsbt/State;)Lxsbti/MainResult;+29
j  sbt.StandardMain$.runManaged(Lsbt/State;)Lxsbti/MainResult;+31
j  sbt.xMain.run(Lxsbti/AppConfiguration;)Lxsbti/MainResult;+247
j  xsbt.boot.Launch$$anonfun$run$1.apply()Ljava/lang/Object;+10
j  xsbt.boot.Launch$.withContextLoader(Ljava/lang/ClassLoader;Lscala/Function0;)Ljava/lang/Object;+15
j  xsbt.boot.Launch$.run(Lxsbti/Launcher;Lxsbt/boot/RunConfiguration;)Lxsbti/MainResult;+97
j  xsbt.boot.Launch$$anonfun$apply$1.apply(Ljava/lang/Object;)Ljava/lang/Object;+16
j  xsbt.boot.Launch$.launch(Lscala/Function1;Lxsbt/boot/RunConfiguration;)Lscala/Option;+2
j  xsbt.boot.Launch$.apply(Lxsbt/boot/LauncherArguments;)Lscala/Option;+876
j  xsbt.boot.Boot$.runImpl(Lxsbt/boot/LauncherArguments;)Lscala/Option;+4
j  xsbt.boot.Boot$.main([Ljava/lang/String;)V+314
j  xsbt.boot.Boot.main([Ljava/lang/String;)V+4
v  ~StubRoutines::call_stub
V  [libjvm.so+0x6679eb]
V  [libjvm.so+0x6896ae]
V  [libjvm.so+0x68bfdf]
C  [libjli.so+0x34e2]
C  [libjli.so+0x737d]
C  [libpthread.so.0+0x76ba]  start_thread+0xca

Java frames: (J=compiled Java code, j=interpreted, Vv=VM code)
J 2623  sun.misc.Unsafe.defineAnonymousClass(Ljava/lang/Class;[B[Ljava/lang/Object;)Ljava/lang/Class; (0 bytes) @ 0x00007f3b57083034 [0x00007f3b57082fc0+0x74]
J 2680 C1 java.lang.invoke.InnerClassLambdaMetafactory.spinInnerClass()Ljava/lang/Class; (515 bytes) @ 0x00007f3b57419e72 [0x00007f3b57419100+0xd72]
J 2758 C1 java.lang.invoke.InnerClassLambdaMetafactory.buildCallSite()Ljava/lang/invoke/CallSite; (156 bytes) @ 0x00007f3b5709bf0e [0x00007f3b5709bea0+0x6e]
J 2675 C1 java.lang.invoke.LambdaMetafactory.altMetafactory(Ljava/lang/invoke/MethodHandles$Lookup;Ljava/lang/String;Ljava/lang/invoke/MethodType;[Ljava/lang/Object;)Ljava/lang/invoke/CallSite; (287 bytes) @ 0x00007f3b570b06e1 [0x00007f3b570afdc0+0x921]
J 10148 C2 java.lang.invoke.LambdaForm$DMH.invokeStatic_L4_L(Ljava/lang/Object;Ljava/lang/Object;Ljava/lang/Object;Ljava/lang/Object;Ljava/lang/Object;)Ljava/lang/Object; (20 bytes) @ 0x00007f3b5846e454 [0x00007f3b5846e420+0x34]
J 2718 C1 java.lang.invoke.LambdaForm$BMH.reinvoke(Ljava/lang/Object;Ljava/lang/Object;Ljava/lang/Object;Ljava/lang/Object;Ljava/lang/Object;Ljava/lang/Object;Ljava/lang/Object;Ljava/lang/Object;Ljava/lang/Object;Ljava/lang/Object;Ljava/lang/Object;Ljava/lang/Object;)Ljava/lang/Object; (128 bytes) @ 0x00007f3b573c1035 [0x00007f3b573c0ac0+0x575]
J 2573 C1 java.lang.invoke.LambdaForm$MH.invoker(Ljava/lang/Object;Ljava/lang/Object;Ljava/lang/Object;Ljava/lang/Object;Ljava/lang/Object;Ljava/lang/Object;)Ljava/lang/Object; (117 bytes) @ 0x00007f3b570a1cb8 [0x00007f3b570a1920+0x398]
J 2446 C1 java.lang.invoke.CallSite.makeSite(Ljava/lang/invoke/MethodHandle;Ljava/lang/String;Ljava/lang/invoke/MethodType;Ljava/lang/Object;Ljava/lang/Class;)Ljava/lang/invoke/CallSite; (457 bytes) @ 0x00007f3b5768fb7a [0x00007f3b5768dea0+0x1cda]
J 2445 C1 java.lang.invoke.MethodHandleNatives.linkCallSiteImpl(Ljava/lang/Class;Ljava/lang/invoke/MethodHandle;Ljava/lang/String;Ljava/lang/invoke/MethodType;Ljava/lang/Object;[Ljava/lang/Object;)Ljava/lang/invoke/MemberName; (44 bytes) @ 0x00007f3b5768cd51 [0x00007f3b5768cce0+0x71]
J 2444 C1 java.lang.invoke.MethodHandleNatives.linkCallSite(Ljava/lang/Object;Ljava/lang/Object;Ljava/lang/Object;Ljava/lang/Object;Ljava/lang/Object;[Ljava/lang/Object;)Ljava/lang/invoke/MemberName; (65 bytes) @ 0x00007f3b5768c7c5 [0x00007f3b5768c340+0x485]
v  ~StubRoutines::call_stub
j  sbt.internal.util.ManagedLogger.success(Lscala/Function0;)V+2
j  sbt.internal.Aggregation$.printSuccess(JJLsbt/Extracted;ZLsbt/util/Logger;)V+63
j  sbt.internal.Aggregation$.showRun(Lsbt/internal/Aggregation$Complete;Lsbt/internal/Aggregation$ShowConfig;Lsbt/util/Show;)V+127
j  sbt.internal.Aggregation$.runTasks(Lsbt/State;Lscala/collection/Seq;Lsbt/std/Transform$DummyTaskMap;Lsbt/internal/Aggregation$ShowConfig;Lsbt/util/Show;)Lsbt/State;+16
j  sbt.internal.Aggregation$.$anonfun$applyTasks$1(Lsbt/State;Lsbt/internal/Aggregation$ShowConfig;Lsbt/util/Show;Lscala/collection/Seq;)Lsbt/State;+17
j  sbt.internal.Aggregation$$$Lambda$3082.apply(Ljava/lang/Object;)Ljava/lang/Object;+16
j  sbt.Command$.$anonfun$applyEffect$2(Lscala/Function1;Ljava/lang/Object;)Lsbt/State;+2
j  sbt.Command$$$Lambda$356.apply()Ljava/lang/Object;+8
j  sbt.internal.Aggregation$.$anonfun$evaluatingParser$11(Lsbt/internal/Aggregation$ShowConfig;Lsbt/util/Show;Lscala/collection/Seq;Lscala/Function0;)Lsbt/State;+1
j  sbt.internal.Aggregation$$$Lambda$3084.apply()Ljava/lang/Object;+16
j  sbt.internal.Act$.$anonfun$actParser0$3(Lsbt/State;Lsbt/Extracted;Lscala/collection/Seq;Lscala/Function0;)Lsbt/State;+54
j  sbt.internal.Act$$$Lambda$3086.apply()Ljava/lang/Object;+16
j  sbt.Command$.process(Ljava/lang/String;Lsbt/State;)Lsbt/State;+57
j  sbt.MainLoop$.processCommand(Lsbt/Exec;Lsbt/State;)Lsbt/State;+59
j  sbt.MainLoop$.$anonfun$next$2(Lsbt/Exec;Lsbt/State;)Lsbt/State;+5
j  sbt.MainLoop$$$Lambda$311.apply(Ljava/lang/Object;Ljava/lang/Object;)Ljava/lang/Object;+8
j  sbt.State$$anon$1.runCmd$1(Lsbt/Exec;Lscala/collection/immutable/List;Lscala/Function2;)Lsbt/State;+139
j  sbt.State$$anon$1.process(Lscala/Function2;)Lsbt/State;+66
j  sbt.MainLoop$.$anonfun$next$1(Lsbt/State;)Lsbt/State;+12
j  sbt.MainLoop$$$Lambda$310.apply()Ljava/lang/Object;+4
J 7215 C1 sbt.internal.util.ErrorHandling$.wideConvert(Lscala/Function0;)Lscala/util/Either; (169 bytes) @ 0x00007f3b576ff4c2 [0x00007f3b576ff440+0x82]
j  sbt.MainLoop$.next(Lsbt/State;)Lsbt/State;+14
j  sbt.MainLoop$.run(Lsbt/State;)Lsbt/MainLoop$RunNext;+19
j  sbt.MainLoop$.$anonfun$runWithNewLog$1(Lsbt/State;Lsbt/internal/util/GlobalLogBacking;Ljava/io/BufferedWriter;)Lsbt/MainLoop$RunNext;+128
j  sbt.MainLoop$$$Lambda$303.apply(Ljava/lang/Object;)Ljava/lang/Object;+12
j  sbt.io.Using.apply(Ljava/lang/Object;Lscala/Function1;)Ljava/lang/Object;+8
j  sbt.MainLoop$.runWithNewLog(Lsbt/State;Lsbt/internal/util/GlobalLogBacking;)Lsbt/MainLoop$RunNext;+33
j  sbt.MainLoop$.runAndClearLast(Lsbt/State;Lsbt/internal/util/GlobalLogBacking;)Lsbt/MainLoop$RunNext;+3
j  sbt.MainLoop$.runLoggedLoop(Lsbt/State;Lsbt/internal/util/GlobalLogBacking;)Lxsbti/MainResult;+3
j  sbt.MainLoop$.runLogged(Lsbt/State;)Lxsbti/MainResult;+29
j  sbt.StandardMain$.runManaged(Lsbt/State;)Lxsbti/MainResult;+31
j  sbt.xMain.run(Lxsbti/AppConfiguration;)Lxsbti/MainResult;+247
j  xsbt.boot.Launch$$anonfun$run$1.apply()Ljava/lang/Object;+10
j  xsbt.boot.Launch$.withContextLoader(Ljava/lang/ClassLoader;Lscala/Function0;)Ljava/lang/Object;+15
j  xsbt.boot.Launch$.run(Lxsbti/Launcher;Lxsbt/boot/RunConfiguration;)Lxsbti/MainResult;+97
j  xsbt.boot.Launch$$anonfun$apply$1.apply(Ljava/lang/Object;)Ljava/lang/Object;+16
j  xsbt.boot.Launch$.launch(Lscala/Function1;Lxsbt/boot/RunConfiguration;)Lscala/Option;+2
j  xsbt.boot.Launch$.apply(Lxsbt/boot/LauncherArguments;)Lscala/Option;+876
j  xsbt.boot.Boot$.runImpl(Lxsbt/boot/LauncherArguments;)Lscala/Option;+4
j  xsbt.boot.Boot$.main([Ljava/lang/String;)V+314
j  xsbt.boot.Boot.main([Ljava/lang/String;)V+4
v  ~StubRoutines::call_stub

---------------  P R O C E S S  ---------------

Java Threads: ( => current thread )
  0x00007f3b626d1800 JavaThread "Okio Watchdog" daemon [_thread_blocked, id=4944, stack(0x00007f3b32d40000,0x00007f3b32e41000)]
  0x00007f3b626ca800 JavaThread "OkHttp ConnectionPool" daemon [_thread_blocked, id=4943, stack(0x00007f3b3151d000,0x00007f3b3161e000)]
  0x00007f3b4c0f9000 JavaThread "pool-4-thread-6" [_thread_blocked, id=4882, stack(0x00007f3b31a37000,0x00007f3b31b38000)]
  0x00007f3b4c0f7000 JavaThread "pool-4-thread-5" [_thread_blocked, id=4881, stack(0x00007f3b31b38000,0x00007f3b31c39000)]
  0x00007f3b4c0f5000 JavaThread "pool-4-thread-4" [_thread_blocked, id=4880, stack(0x00007f3b31c39000,0x00007f3b31d3a000)]
  0x00007f3b4c0f3800 JavaThread "pool-4-thread-3" [_thread_blocked, id=4879, stack(0x00007f3b31d3a000,0x00007f3b31e3b000)]
  0x00007f3b4c2aa000 JavaThread "pool-4-thread-2" [_thread_blocked, id=4878, stack(0x00007f3b31e3b000,0x00007f3b31f3c000)]
  0x00007f3b4c0bb800 JavaThread "pool-4-thread-1" [_thread_blocked, id=4877, stack(0x00007f3b31f3c000,0x00007f3b3203d000)]
  0x00007f3b61cac800 JavaThread "Log4j2-TF-1-AsyncLogger[AsyncContext@3159c4b8]-1" daemon [_thread_blocked, id=4840, stack(0x00007f3b5401d000,0x00007f3b5411e000)]
  0x00007f3b600dc000 JavaThread "Service Thread" daemon [_thread_blocked, id=4838, stack(0x00007f3b54e44000,0x00007f3b54f45000)]
  0x00007f3b600d9000 JavaThread "C1 CompilerThread1" daemon [_thread_blocked, id=4837, stack(0x00007f3b54f45000,0x00007f3b55046000)]
  0x00007f3b600d7000 JavaThread "C2 CompilerThread0" daemon [_thread_in_vm, id=4836, stack(0x00007f3b55046000,0x00007f3b55147000)]
  0x00007f3b600d5800 JavaThread "Signal Dispatcher" daemon [_thread_blocked, id=4835, stack(0x00007f3b55147000,0x00007f3b55248000)]
  0x00007f3b600a2000 JavaThread "Finalizer" daemon [_thread_blocked, id=4834, stack(0x00007f3b55d47000,0x00007f3b55e48000)]
  0x00007f3b6009f800 JavaThread "Reference Handler" daemon [_thread_blocked, id=4833, stack(0x00007f3b55e48000,0x00007f3b55f49000)]
=>0x00007f3b6000a800 JavaThread "main" [_thread_in_vm, id=4831, stack(0x00007f3b665df000,0x00007f3b666e0000)]

Other Threads:
  0x00007f3b60096000 VMThread [stack: 0x00007f3b55f49000,0x00007f3b5604a000] [id=4832]
  0x00007f3b600df000 WatcherThread [stack: 0x00007f3b54d43000,0x00007f3b54e44000] [id=4839]

VM state:not at safepoint (normal execution)

VM Mutex/Monitor currently owned by a thread:  ([mutex/lock_event])
[0x00007f3b600079b0] Compile_lock - owner thread: 0x00007f3b600d7000
[0x00007f3b60007ab0] MethodCompileQueue_lock - owner thread: 0x00007f3b600d7000

heap address: 0x00000000c0000000, size: 1024 MB, Compressed Oops mode: 32-bit
Narrow klass base: 0x0000000000000000, Narrow klass shift: 3
Compressed class space size: 1073741824 Address: 0x0000000100000000

Heap:
 def new generation   total 314560K, used 1198K [0x00000000c0000000, 0x00000000d5550000, 0x00000000d5550000)
  eden space 279616K,   0% used [0x00000000c0000000, 0x00000000c012b9f0, 0x00000000d1110000)
  from space 34944K,   0% used [0x00000000d1110000, 0x00000000d1110000, 0x00000000d3330000)
  to   space 34944K,   0% used [0x00000000d3330000, 0x00000000d3330000, 0x00000000d5550000)
 tenured generation   total 699072K, used 59867K [0x00000000d5550000, 0x0000000100000000, 0x0000000100000000)
   the space 699072K,   8% used [0x00000000d5550000, 0x00000000d8fc6ce8, 0x00000000d8fc6e00, 0x0000000100000000)
 Metaspace       used 127666K, capacity 139466K, committed 139544K, reserved 1171456K
  class space    used 17208K, capacity 17885K, committed 17960K, reserved 1048576K

Card table byte_map: [0x00007f3b56b6f000,0x00007f3b56d70000] byte_map_base: 0x00007f3b5656f000

Polling page: 0x00007f3b666fa000

CodeCache: size=131072Kb used=47483Kb max_used=50142Kb free=83588Kb
 bounds [0x00007f3b56f70000, 0x00007f3b5a0b0000, 0x00007f3b5ef70000]
 total_blobs=20541 nmethods=19822 adapters=623
 compilation: enabled

Compilation events (10 events):
Event: 316.051 Thread 0x00007f3b600d9000 24761       3       java.util.zip.ZipFile::finalize (5 bytes)
Event: 316.051 Thread 0x00007f3b600d9000 nmethod 24761 0x00007f3b59a1f190 code [0x00007f3b59a1f300, 0x00007f3b59a1f500]
Event: 316.051 Thread 0x00007f3b600d9000 24762       3       java.io.FileOutputStream::finalize (39 bytes)
Event: 316.051 Thread 0x00007f3b600d9000 nmethod 24762 0x00007f3b59a1eb90 code [0x00007f3b59a1ed20, 0x00007f3b59a1f0e0]
Event: 316.095 Thread 0x00007f3b600d7000 nmethod 24752 0x00007f3b594d3e50 code [0x00007f3b594d3fa0, 0x00007f3b594d4138]
Event: 316.095 Thread 0x00007f3b600d7000 24757       4       java.util.zip.ZipFile$ZipFileInputStream::finalize (5 bytes)
Event: 316.099 Thread 0x00007f3b600d7000 nmethod 24757 0x00007f3b57fc6d50 code [0x00007f3b57fc6ea0, 0x00007f3b57fc6f28]
Event: 316.099 Thread 0x00007f3b600d7000 24758       4       java.util.zip.ZipFile$ZipFileInflaterInputStream::finalize (5 bytes)
Event: 316.147 Thread 0x00007f3b600d7000 nmethod 24758 0x00007f3b594d4b50 code [0x00007f3b594d4d20, 0x00007f3b594d5420]
Event: 318.083 Thread 0x00007f3b600d7000 24763       4       java.util.concurrent.ConcurrentHashMap::putIfAbsent (8 bytes)

GC Heap History (10 events):
Event: 170.472 GC heap before
{Heap before GC invocations=11 (full 5):
 def new generation   total 314560K, used 178763K [0x00000000c0000000, 0x00000000d5550000, 0x00000000d5550000)
  eden space 279616K,  57% used [0x00000000c0000000, 0x00000000c9c6aef0, 0x00000000d1110000)
  from space 34944K,  53% used [0x00000000d1110000, 0x00000000d2338010, 0x00000000d3330000)
  to   space 34944K,   0% used [0x00000000d3330000, 0x00000000d3330000, 0x00000000d5550000)
 tenured generation   total 699072K, used 68857K [0x00000000d5550000, 0x0000000100000000, 0x0000000100000000)
   the space 699072K,   9% used [0x00000000d5550000, 0x00000000d988e708, 0x00000000d988e800, 0x0000000100000000)
 Metaspace       used 103047K, capacity 113843K, committed 113960K, reserved 1148928K
  class space    used 14024K, capacity 14733K, committed 14760K, reserved 1048576K
Event: 171.700 GC heap after
Heap after GC invocations=12 (full 6):
 def new generation   total 314560K, used 0K [0x00000000c0000000, 0x00000000d5550000, 0x00000000d5550000)
  eden space 279616K,   0% used [0x00000000c0000000, 0x00000000c0000000, 0x00000000d1110000)
  from space 34944K,   0% used [0x00000000d1110000, 0x00000000d1110000, 0x00000000d3330000)
  to   space 34944K,   0% used [0x00000000d3330000, 0x00000000d3330000, 0x00000000d5550000)
 tenured generation   total 699072K, used 113388K [0x00000000d5550000, 0x0000000100000000, 0x0000000100000000)
   the space 699072K,  16% used [0x00000000d5550000, 0x00000000dc40b0f0, 0x00000000dc40b200, 0x0000000100000000)
 Metaspace       used 102336K, capacity 112987K, committed 113960K, reserved 1148928K
  class space    used 13923K, capacity 14577K, committed 14760K, reserved 1048576K
}
Event: 235.569 GC heap before
{Heap before GC invocations=12 (full 6):
 def new generation   total 314560K, used 279616K [0x00000000c0000000, 0x00000000d5550000, 0x00000000d5550000)
  eden space 279616K, 100% used [0x00000000c0000000, 0x00000000d1110000, 0x00000000d1110000)
  from space 34944K,   0% used [0x00000000d1110000, 0x00000000d1110000, 0x00000000d3330000)
  to   space 34944K,   0% used [0x00000000d3330000, 0x00000000d3330000, 0x00000000d5550000)
 tenured generation   total 699072K, used 113388K [0x00000000d5550000, 0x0000000100000000, 0x0000000100000000)
   the space 699072K,  16% used [0x00000000d5550000, 0x00000000dc40b0f0, 0x00000000dc40b200, 0x0000000100000000)
 Metaspace       used 116836K, capacity 127548K, committed 128024K, reserved 1161216K
  class space    used 15882K, capacity 16529K, committed 16680K, reserved 1048576K
Event: 236.085 GC heap after
Heap after GC invocations=13 (full 6):
 def new generation   total 314560K, used 34943K [0x00000000c0000000, 0x00000000d5550000, 0x00000000d5550000)
  eden space 279616K,   0% used [0x00000000c0000000, 0x00000000c0000000, 0x00000000d1110000)
  from space 34944K,  99% used [0x00000000d3330000, 0x00000000d554fff8, 0x00000000d5550000)
  to   space 34944K,   0% used [0x00000000d1110000, 0x00000000d1110000, 0x00000000d3330000)
 tenured generation   total 699072K, used 127442K [0x00000000d5550000, 0x0000000100000000, 0x0000000100000000)
   the space 699072K,  18% used [0x00000000d5550000, 0x00000000dd1c4bd8, 0x00000000dd1c4c00, 0x0000000100000000)
 Metaspace       used 116836K, capacity 127548K, committed 128024K, reserved 1161216K
  class space    used 15882K, capacity 16529K, committed 16680K, reserved 1048576K
}
Event: 275.322 GC heap before
{Heap before GC invocations=13 (full 6):
 def new generation   total 314560K, used 314559K [0x00000000c0000000, 0x00000000d5550000, 0x00000000d5550000)
  eden space 279616K, 100% used [0x00000000c0000000, 0x00000000d1110000, 0x00000000d1110000)
  from space 34944K,  99% used [0x00000000d3330000, 0x00000000d554fff8, 0x00000000d5550000)
  to   space 34944K,   0% used [0x00000000d1110000, 0x00000000d1110000, 0x00000000d3330000)
 tenured generation   total 699072K, used 127442K [0x00000000d5550000, 0x0000000100000000, 0x0000000100000000)
   the space 699072K,  18% used [0x00000000d5550000, 0x00000000dd1c4bd8, 0x00000000dd1c4c00, 0x0000000100000000)
 Metaspace       used 122130K, capacity 132970K, committed 133272K, reserved 1165312K
  class space    used 16526K, capacity 17207K, committed 17320K, reserved 1048576K
Event: 277.149 GC heap after
Heap after GC invocations=14 (full 6):
 def new generation   total 314560K, used 34944K [0x00000000c0000000, 0x00000000d5550000, 0x00000000d5550000)
  eden space 279616K,   0% used [0x00000000c0000000, 0x00000000c0000000, 0x00000000d1110000)
  from space 34944K, 100% used [0x00000000d1110000, 0x00000000d3330000, 0x00000000d3330000)
  to   space 34944K,   0% used [0x00000000d3330000, 0x00000000d3330000, 0x00000000d5550000)
 tenured generation   total 699072K, used 199009K [0x00000000d5550000, 0x0000000100000000, 0x0000000100000000)
   the space 699072K,  28% used [0x00000000d5550000, 0x00000000e17a8440, 0x00000000e17a8600, 0x0000000100000000)
 Metaspace       used 122130K, capacity 132970K, committed 133272K, reserved 1165312K
  class space    used 16526K, capacity 17207K, committed 17320K, reserved 1048576K
}
Event: 313.387 GC heap before
{Heap before GC invocations=14 (full 6):
 def new generation   total 314560K, used 200424K [0x00000000c0000000, 0x00000000d5550000, 0x00000000d5550000)
  eden space 279616K,  59% used [0x00000000c0000000, 0x00000000ca19a0e0, 0x00000000d1110000)
  from space 34944K, 100% used [0x00000000d1110000, 0x00000000d3330000, 0x00000000d3330000)
  to   space 34944K,   0% used [0x00000000d3330000, 0x00000000d3330000, 0x00000000d5550000)
 tenured generation   total 699072K, used 199009K [0x00000000d5550000, 0x0000000100000000, 0x0000000100000000)
   the space 699072K,  28% used [0x00000000d5550000, 0x00000000e17a8440, 0x00000000e17a8600, 0x0000000100000000)
 Metaspace       used 127645K, capacity 139440K, committed 139544K, reserved 1171456K
  class space    used 17205K, capacity 17880K, committed 17960K, reserved 1048576K
Event: 315.915 GC heap after
Heap after GC invocations=15 (full 7):
 def new generation   total 314560K, used 0K [0x00000000c0000000, 0x00000000d5550000, 0x00000000d5550000)
  eden space 279616K,   0% used [0x00000000c0000000, 0x00000000c0000000, 0x00000000d1110000)
  from space 34944K,   0% used [0x00000000d1110000, 0x00000000d1110000, 0x00000000d3330000)
  to   space 34944K,   0% used [0x00000000d3330000, 0x00000000d3330000, 0x00000000d5550000)
 tenured generation   total 699072K, used 115688K [0x00000000d5550000, 0x0000000100000000, 0x0000000100000000)
   the space 699072K,  16% used [0x00000000d5550000, 0x00000000dc64a1e8, 0x00000000dc64a200, 0x0000000100000000)
 Metaspace       used 127645K, capacity 139440K, committed 139544K, reserved 1171456K
  class space    used 17205K, capacity 17880K, committed 17960K, reserved 1048576K
}
Event: 316.253 GC heap before
{Heap before GC invocations=15 (full 7):
 def new generation   total 314560K, used 1198K [0x00000000c0000000, 0x00000000d5550000, 0x00000000d5550000)
  eden space 279616K,   0% used [0x00000000c0000000, 0x00000000c012bb80, 0x00000000d1110000)
  from space 34944K,   0% used [0x00000000d1110000, 0x00000000d1110000, 0x00000000d3330000)
  to   space 34944K,   0% used [0x00000000d3330000, 0x00000000d3330000, 0x00000000d5550000)
 tenured generation   total 699072K, used 115688K [0x00000000d5550000, 0x0000000100000000, 0x0000000100000000)
   the space 699072K,  16% used [0x00000000d5550000, 0x00000000dc64a1e8, 0x00000000dc64a200, 0x0000000100000000)
 Metaspace       used 127648K, capacity 139440K, committed 139544K, reserved 1171456K
  class space    used 17205K, capacity 17880K, committed 17960K, reserved 1048576K
Event: 318.042 GC heap after
Heap after GC invocations=16 (full 8):
 def new generation   total 314560K, used 0K [0x00000000c0000000, 0x00000000d5550000, 0x00000000d5550000)
  eden space 279616K,   0% used [0x00000000c0000000, 0x00000000c0000000, 0x00000000d1110000)
  from space 34944K,   0% used [0x00000000d1110000, 0x00000000d1110000, 0x00000000d3330000)
  to   space 34944K,   0% used [0x00000000d3330000, 0x00000000d3330000, 0x00000000d5550000)
 tenured generation   total 699072K, used 59867K [0x00000000d5550000, 0x0000000100000000, 0x0000000100000000)
   the space 699072K,   8% used [0x00000000d5550000, 0x00000000d8fc6ce8, 0x00000000d8fc6e00, 0x0000000100000000)
 Metaspace       used 127648K, capacity 139440K, committed 139544K, reserved 1171456K
  class space    used 17205K, capacity 17880K, committed 17960K, reserved 1048576K
}

Deoptimization events (10 events):
Event: 300.304 Thread 0x00007f3b61440000 Uncommon trap: reason=bimorphic action=maybe_recompile pc=0x00007f3b59219c20 method=scala.collection.mutable.HashTable$class.resize(Lscala/collection/mutable/HashTable;I)V @ 61
Event: 304.625 Thread 0x00007f3b6256e800 Uncommon trap: reason=null_check action=make_not_entrant pc=0x00007f3b57f99844 method=java.lang.reflect.Array.newInstance(Ljava/lang/Class;I)Ljava/lang/Object; @ 2
Event: 304.968 Thread 0x00007f3b6256e800 Uncommon trap: reason=null_check action=make_not_entrant pc=0x00007f3b5805937c method=java.lang.reflect.Array.newInstance(Ljava/lang/Class;I)Ljava/lang/Object; @ 2
Event: 311.611 Thread 0x00007f3b62514000 Uncommon trap: reason=bimorphic action=maybe_recompile pc=0x00007f3b586e06a8 method=scala.collection.mutable.HashTable.findEntry0(Ljava/lang/Object;I)Lscala/collection/mutable/HashEntry; @ 15
Event: 311.639 Thread 0x00007f3b62514000 Uncommon trap: reason=bimorphic action=maybe_recompile pc=0x00007f3b586e06a8 method=scala.collection.mutable.HashTable.findEntry0(Ljava/lang/Object;I)Lscala/collection/mutable/HashEntry; @ 15
Event: 311.640 Thread 0x00007f3b62514000 Uncommon trap: reason=bimorphic action=maybe_recompile pc=0x00007f3b586e06a8 method=scala.collection.mutable.HashTable.findEntry0(Ljava/lang/Object;I)Lscala/collection/mutable/HashEntry; @ 15
Event: 311.640 Thread 0x00007f3b62514000 Uncommon trap: reason=bimorphic action=maybe_recompile pc=0x00007f3b586e06a8 method=scala.collection.mutable.HashTable.findEntry0(Ljava/lang/Object;I)Lscala/collection/mutable/HashEntry; @ 15
Event: 311.640 Thread 0x00007f3b62514000 Uncommon trap: reason=bimorphic action=maybe_recompile pc=0x00007f3b588e6740 method=scala.collection.mutable.HashTable.addEntry0(Lscala/collection/mutable/HashEntry;I)V @ 62
Event: 311.646 Thread 0x00007f3b62514000 Uncommon trap: reason=bimorphic action=maybe_recompile pc=0x00007f3b588e6740 method=scala.collection.mutable.HashTable.addEntry0(Lscala/collection/mutable/HashEntry;I)V @ 62
Event: 311.845 Thread 0x00007f3b61440000 Uncommon trap: reason=bimorphic action=maybe_recompile pc=0x00007f3b58326064 method=scala.collection.generic.GenTraversableFactory$$anon$1.apply()Lscala/collection/mutable/Builder; @ 4

Classes redefined (0 events):
No events

Internal exceptions (10 events):
Event: 152.126 Thread 0x00007f3b61440000 Exception <a 'java/lang/NoSuchMethodError': java.lang.Object.$anonfun$success$1(Lscala/util/parsing/combinator/Parsers;Ljava/lang/Object;Lscala/util/parsing/input/Reader;)Lscala/util/parsing/combinator/Parsers$Success;> (0x00000000c2199108) thrown at [/bu
Event: 155.128 Thread 0x00007f3b61440000 Exception <a 'java/net/SocketTimeoutException': Read timed out> (0x00000000c2f7c4a8) thrown at [/build/openjdk-8-lHVHKD/openjdk-8-8u212-b03/src/hotspot/src/share/vm/prims/jni.cpp, line 736]
Event: 155.275 Thread 0x00007f3b61440000 Exception <a 'java/net/SocketTimeoutException': Read timed out> (0x00000000c2f8c8e0) thrown at [/build/openjdk-8-lHVHKD/openjdk-8-8u212-b03/src/hotspot/src/share/vm/prims/jni.cpp, line 736]
Event: 155.856 Thread 0x00007f3b61440000 Exception <a 'java/net/SocketTimeoutException': Read timed out> (0x00000000c30bf070) thrown at [/build/openjdk-8-lHVHKD/openjdk-8-8u212-b03/src/hotspot/src/share/vm/prims/jni.cpp, line 736]
Event: 156.271 Thread 0x00007f3b4c0f9000 Exception <a 'java/net/SocketTimeoutException': Read timed out> (0x00000000c33c7d20) thrown at [/build/openjdk-8-lHVHKD/openjdk-8-8u212-b03/src/hotspot/src/share/vm/prims/jni.cpp, line 736]
Event: 156.926 Thread 0x00007f3b4c0f9000 Exception <a 'java/net/SocketTimeoutException': Read timed out> (0x00000000c3412ec0) thrown at [/build/openjdk-8-lHVHKD/openjdk-8-8u212-b03/src/hotspot/src/share/vm/prims/jni.cpp, line 736]
Event: 157.081 Thread 0x00007f3b4c0f9000 Exception <a 'java/net/SocketTimeoutException': Read timed out> (0x00000000c341f048) thrown at [/build/openjdk-8-lHVHKD/openjdk-8-8u212-b03/src/hotspot/src/share/vm/prims/jni.cpp, line 736]
Event: 184.799 Thread 0x00007f3b61440000 Implicit null exception at 0x00007f3b58b72d8f to 0x00007f3b58b72f05
Event: 303.659 Thread 0x00007f3b61440000 Exception <a 'java/lang/NoSuchMethodError': java.lang.Object.$anonfun$$plus$plus$1(Lscala/collection/immutable/SortedMap;Lscala/Tuple2;)Lscala/collection/immutable/SortedMap;> (0x00000000c86acf10) thrown at [/build/openjdk-8-lHVHKD/openjdk-8-8u212-b03/src
Event: 312.085 Thread 0x00007f3b62514000 Exception <a 'java/lang/NoSuchMethodError': java.lang.Object.$anonfun$apply$1(Lsbt/util/FileInfo$Style;Ljava/io/File;)Lsbt/util/FileInfo;> (0x00000000c9ff3ca8) thrown at [/build/openjdk-8-lHVHKD/openjdk-8-8u212-b03/src/hotspot/src/share/vm/interpreter/lin

Events (10 events):
Event: 318.083 loading class scala/Function0
Event: 318.083 loading class scala/Function0 done
Event: 318.094 loading class scala/Function0
Event: 318.094 loading class scala/Function0 done
Event: 318.150 loading class scala/Function0
Event: 318.150 loading class scala/Function0 done
Event: 318.152 loading class sbt/internal/util/SuccessEvent
Event: 318.152 loading class sbt/internal/util/SuccessEvent done
Event: 318.152 loading class scala/Function0
Event: 318.152 loading class scala/Function0 done


Dynamic libraries:
00400000-00401000 r-xp 00000000 08:01 303760                             /usr/lib/jvm/java-8-openjdk-amd64/jre/bin/java
00600000-00601000 r--p 00000000 08:01 303760                             /usr/lib/jvm/java-8-openjdk-amd64/jre/bin/java
00601000-00602000 rw-p 00001000 08:01 303760                             /usr/lib/jvm/java-8-openjdk-amd64/jre/bin/java
018e1000-01995000 rw-p 00000000 00:00 0                                  [heap]
c0000000-10118a000 rw-p 00000000 00:00 0 
10118a000-140000000 ---p 00000000 00:00 0 
7f3b2c429000-7f3b2c4e9000 rw-p 00000000 00:00 0 
7f3b2c529000-7f3b2c629000 ---p 00000000 00:00 0 
7f3b2c629000-7f3b2c829000 rw-p 00000000 00:00 0 
7f3b2c829000-7f3b2ca29000 rw-p 00000000 00:00 0 
7f3b2d0ff000-7f3b2d106000 r--s 00044000 08:01 1108055                    /home/cubic/.sbt/boot/scala-2.12.7/org.scala-sbt/sbt/1.2.8/org.scala-sbt-compiler-bridge_2.11-1.2.5-bin_2.11.6__52.0/org.scala-sbt-compiler-bridge_2.11-1.2.5-bin_2.11.6__52.0.jar
7f3b2d106000-7f3b2d306000 rw-p 00000000 00:00 0 
7f3b2d306000-7f3b2d506000 rw-p 00000000 00:00 0 
7f3b2d506000-7f3b2d706000 rw-p 00000000 00:00 0 
7f3b2d706000-7f3b2d906000 rw-p 00000000 00:00 0 
7f3b2d906000-7f3b2db06000 rw-p 00000000 00:00 0 
7f3b2db06000-7f3b2dd06000 rw-p 00000000 00:00 0 
7f3b2dd06000-7f3b2df06000 rw-p 00000000 00:00 0 
7f3b2df06000-7f3b2e106000 rw-p 00000000 00:00 0 
7f3b2e106000-7f3b2e306000 rw-p 00000000 00:00 0 
7f3b2e306000-7f3b2e506000 rw-p 00000000 00:00 0 
7f3b2e50c000-7f3b2e70c000 rw-p 00000000 00:00 0 
7f3b2e70c000-7f3b2e90c000 rw-p 00000000 00:00 0 
7f3b2e90c000-7f3b2eb0c000 rw-p 00000000 00:00 0 
7f3b2eb0c000-7f3b2eb10000 r--s 00031000 08:01 1108000                    /home/cubic/.ivy2/cache/jline/jline/jars/jline-2.12.1.jar
7f3b2eb10000-7f3b2ed10000 rw-p 00000000 00:00 0 
7f3b2ed10000-7f3b2ef10000 rw-p 00000000 00:00 0 
7f3b2ef10000-7f3b2ef5c000 r--s 003f3000 08:01 22157                      /home/cubic/.ivy2/cache/org.scala-lang/scala-reflect/jars/scala-reflect-2.11.6.jar
7f3b2ef5c000-7f3b2efb5000 r--s 004f6000 08:01 975706                     /home/cubic/.ivy2/cache/org.scala-lang/scala-library/jars/scala-library-2.11.6.jar
7f3b2efb5000-7f3b2f1b5000 rw-p 00000000 00:00 0 
7f3b2f1b5000-7f3b2f1cc000 r-xp 00000000 08:01 925586                     /lib/x86_64-linux-gnu/libresolv-2.23.so
7f3b2f1cc000-7f3b2f3cc000 ---p 00017000 08:01 925586                     /lib/x86_64-linux-gnu/libresolv-2.23.so
7f3b2f3cc000-7f3b2f3cd000 r--p 00017000 08:01 925586                     /lib/x86_64-linux-gnu/libresolv-2.23.so
7f3b2f3cd000-7f3b2f3ce000 rw-p 00018000 08:01 925586                     /lib/x86_64-linux-gnu/libresolv-2.23.so
7f3b2f3ce000-7f3b2f3d0000 rw-p 00000000 00:00 0 
7f3b2f3d0000-7f3b2f3d5000 r-xp 00000000 08:01 925531                     /lib/x86_64-linux-gnu/libnss_dns-2.23.so
7f3b2f3d5000-7f3b2f5d5000 ---p 00005000 08:01 925531                     /lib/x86_64-linux-gnu/libnss_dns-2.23.so
7f3b2f5d5000-7f3b2f5d6000 r--p 00005000 08:01 925531                     /lib/x86_64-linux-gnu/libnss_dns-2.23.so
7f3b2f5d6000-7f3b2f5d7000 rw-p 00006000 08:01 925531                     /lib/x86_64-linux-gnu/libnss_dns-2.23.so
7f3b2f5d7000-7f3b2f5d9000 r-xp 00000000 08:01 925539                     /lib/x86_64-linux-gnu/libnss_mdns4_minimal.so.2
7f3b2f5d9000-7f3b2f7d8000 ---p 00002000 08:01 925539                     /lib/x86_64-linux-gnu/libnss_mdns4_minimal.so.2
7f3b2f7d8000-7f3b2f7d9000 r--p 00001000 08:01 925539                     /lib/x86_64-linux-gnu/libnss_mdns4_minimal.so.2
7f3b2f7d9000-7f3b2f7da000 rw-p 00002000 08:01 925539                     /lib/x86_64-linux-gnu/libnss_mdns4_minimal.so.2
7f3b2f7db000-7f3b2f7e6000 r--s 0005b000 08:01 22155                      /home/cubic/.ivy2/cache/org.scala-lang.modules/scala-parser-combinators_2.11/bundles/scala-parser-combinators_2.11-1.0.3.jar
7f3b2f7e6000-7f3b2f7f1000 r--s 00094000 08:01 22154                      /home/cubic/.ivy2/cache/org.scala-lang.modules/scala-xml_2.11/bundles/scala-xml_2.11-1.0.3.jar
7f3b2f7f1000-7f3b2f9f1000 rw-p 00000000 00:00 0 
7f3b2f9f1000-7f3b2fa19000 r-xp 00000000 08:01 303859                     /usr/lib/jvm/java-8-openjdk-amd64/jre/lib/amd64/libsunec.so
7f3b2fa19000-7f3b2fc18000 ---p 00028000 08:01 303859                     /usr/lib/jvm/java-8-openjdk-amd64/jre/lib/amd64/libsunec.so
7f3b2fc18000-7f3b2fc1c000 r--p 00027000 08:01 303859                     /usr/lib/jvm/java-8-openjdk-amd64/jre/lib/amd64/libsunec.so
7f3b2fc1c000-7f3b2fc1d000 rw-p 0002b000 08:01 303859                     /usr/lib/jvm/java-8-openjdk-amd64/jre/lib/amd64/libsunec.so
7f3b2fc1d000-7f3b2fd18000 r--s 00c99000 08:01 975749                     /home/cubic/.ivy2/cache/org.scala-lang/scala-compiler/jars/scala-compiler-2.11.6.jar
7f3b2fd18000-7f3b2ff18000 rw-p 00000000 00:00 0 
7f3b2ff18000-7f3b30118000 rw-p 00000000 00:00 0 
7f3b30118000-7f3b30318000 rw-p 00000000 00:00 0 
7f3b30318000-7f3b30518000 rw-p 00000000 00:00 0 
7f3b30518000-7f3b30718000 rw-p 00000000 00:00 0 
7f3b30718000-7f3b30918000 rw-p 00000000 00:00 0 
7f3b30918000-7f3b30b18000 rw-p 00000000 00:00 0 
7f3b30b18000-7f3b30d18000 rw-p 00000000 00:00 0 
7f3b30d18000-7f3b30d1d000 r--s 002f9000 08:01 303871                     /usr/lib/jvm/java-8-openjdk-amd64/jre/lib/charsets.jar
7f3b30d1d000-7f3b30f1d000 rw-p 00000000 00:00 0 
7f3b30f1d000-7f3b3111d000 rw-p 00000000 00:00 0 
7f3b3111d000-7f3b3131d000 rw-p 00000000 00:00 0 
7f3b3131d000-7f3b3151d000 rw-p 00000000 00:00 0 
7f3b3151d000-7f3b31520000 ---p 00000000 00:00 0 
7f3b31520000-7f3b3181e000 rw-p 00000000 00:00 0 
7f3b3181e000-7f3b31836000 r-xp 00000000 08:01 267424                     /tmp/jna-95011658/jna7133554719246707344.tmp (deleted)
7f3b31836000-7f3b31a36000 ---p 00018000 08:01 267424                     /tmp/jna-95011658/jna7133554719246707344.tmp (deleted)
7f3b31a36000-7f3b31a37000 rw-p 00018000 08:01 267424                     /tmp/jna-95011658/jna7133554719246707344.tmp (deleted)
7f3b31a37000-7f3b31a3a000 ---p 00000000 00:00 0 
7f3b31a3a000-7f3b31b38000 rw-p 00000000 00:00 0 
7f3b31b38000-7f3b31b3b000 ---p 00000000 00:00 0 
7f3b31b3b000-7f3b31c39000 rw-p 00000000 00:00 0 
7f3b31c39000-7f3b31c3c000 ---p 00000000 00:00 0 
7f3b31c3c000-7f3b31d3a000 rw-p 00000000 00:00 0 
7f3b31d3a000-7f3b31d3d000 ---p 00000000 00:00 0 
7f3b31d3d000-7f3b31e3b000 rw-p 00000000 00:00 0 
7f3b31e3b000-7f3b31e3e000 ---p 00000000 00:00 0 
7f3b31e3e000-7f3b31f3c000 rw-p 00000000 00:00 0 
7f3b31f3c000-7f3b31f3f000 ---p 00000000 00:00 0 
7f3b31f3f000-7f3b3223d000 rw-p 00000000 00:00 0 
7f3b3223d000-7f3b3243d000 rw-p 00000000 00:00 0 
7f3b3243d000-7f3b32639000 rw-p 00000000 00:00 0 
7f3b32639000-7f3b3263d000 ---p 00000000 00:00 0 
7f3b3263d000-7f3b3283d000 rw-p 00000000 00:00 0 
7f3b3283d000-7f3b32840000 ---p 00000000 00:00 0 
7f3b32840000-7f3b32b3e000 rw-p 00000000 00:00 0 
7f3b32b3e000-7f3b32b41000 ---p 00000000 00:00 0 
7f3b32b41000-7f3b32c3f000 rw-p 00000000 00:00 0 
7f3b32c3f000-7f3b32c42000 ---p 00000000 00:00 0 
7f3b32c42000-7f3b32d40000 rw-p 00000000 00:00 0 
7f3b32d40000-7f3b32d43000 ---p 00000000 00:00 0 
7f3b32d43000-7f3b33041000 rw-p 00000000 00:00 0 
7f3b33041000-7f3b33044000 ---p 00000000 00:00 0 
7f3b33044000-7f3b33342000 rw-p 00000000 00:00 0 
7f3b33342000-7f3b33542000 rw-p 00000000 00:00 0 
7f3b33542000-7f3b33742000 rw-p 00000000 00:00 0 
7f3b33742000-7f3b337bc000 r--s 01103000 08:01 306532                     /usr/lib/jvm/java-8-openjdk-amd64/lib/tools.jar
7f3b337bc000-7f3b339bc000 rw-p 00000000 00:00 0 
7f3b339bc000-7f3b33bbc000 rw-p 00000000 00:00 0 
7f3b33bbc000-7f3b33dbc000 rw-p 00000000 00:00 0 
7f3b33dbc000-7f3b33fbc000 rw-p 00000000 00:00 0 
7f3b33fbc000-7f3b33fbf000 ---p 00000000 00:00 0 
7f3b33fbf000-7f3b341f5000 rw-p 00000000 00:00 0 
7f3b341f5000-7f3b343f5000 rw-p 00000000 00:00 0 
7f3b343f5000-7f3b345f5000 rw-p 00000000 00:00 0 
7f3b345f5000-7f3b347f5000 rw-p 00000000 00:00 0 
7f3b347f5000-7f3b349f5000 rw-p 00000000 00:00 0 
7f3b349f5000-7f3b34bf5000 rw-p 00000000 00:00 0 
7f3b34bf5000-7f3b34df5000 rw-p 00000000 00:00 0 
7f3b34df5000-7f3b34dfe000 r-xp 00000000 08:01 303835                     /usr/lib/jvm/java-8-openjdk-amd64/jre/lib/amd64/libmanagement.so
7f3b34dfe000-7f3b34ffd000 ---p 00009000 08:01 303835                     /usr/lib/jvm/java-8-openjdk-amd64/jre/lib/amd64/libmanagement.so
7f3b34ffd000-7f3b34ffe000 r--p 00008000 08:01 303835                     /usr/lib/jvm/java-8-openjdk-amd64/jre/lib/amd64/libmanagement.so
7f3b34ffe000-7f3b34fff000 rw-p 00009000 08:01 303835                     /usr/lib/jvm/java-8-openjdk-amd64/jre/lib/amd64/libmanagement.so
7f3b34fff000-7f3b38000000 rw-p 00000000 00:00 0 
7f3b38000000-7f3b398c3000 rw-p 00000000 00:00 0 
7f3b398c3000-7f3b3c000000 ---p 00000000 00:00 0 
7f3b3c000000-7f3b3c07a000 rw-p 00000000 00:00 0 
7f3b3c07a000-7f3b40000000 ---p 00000000 00:00 0 
7f3b40000000-7f3b40412000 rw-p 00000000 00:00 0 
7f3b40412000-7f3b44000000 ---p 00000000 00:00 0 
7f3b44000000-7f3b45db5000 rw-p 00000000 00:00 0 
7f3b45db5000-7f3b48000000 ---p 00000000 00:00 0 
7f3b48000000-7f3b482ea000 rw-p 00000000 00:00 0 
7f3b482ea000-7f3b4c000000 ---p 00000000 00:00 0 
7f3b4c000000-7f3b4c4d8000 rw-p 00000000 00:00 0 
7f3b4c4d8000-7f3b50000000 ---p 00000000 00:00 0 
7f3b50000000-7f3b503e7000 rw-p 00000000 00:00 0 
7f3b503e7000-7f3b54000000 ---p 00000000 00:00 0 
7f3b54002000-7f3b54004000 r--s 00016000 08:01 303891                     /usr/lib/jvm/java-8-openjdk-amd64/jre/lib/jce.jar
7f3b54004000-7f3b54006000 r--s 00016000 08:01 303891                     /usr/lib/jvm/java-8-openjdk-amd64/jre/lib/jce.jar
7f3b54006000-7f3b54019000 r--s 00346000 08:01 303868                     /usr/lib/jvm/java-8-openjdk-amd64/jre/lib/resources.jar
7f3b54019000-7f3b5401d000 r--s 000a1000 08:01 303870                     /usr/lib/jvm/java-8-openjdk-amd64/jre/lib/jsse.jar
7f3b5401d000-7f3b54020000 ---p 00000000 00:00 0 
7f3b54020000-7f3b5411e000 rw-p 00000000 00:00 0 
7f3b5411e000-7f3b5412b000 r--s 001b1000 08:01 1107145                    /home/cubic/.sbt/boot/scala-2.12.7/org.scala-sbt/sbt/1.2.8/zinc-persist_2.12-1.2.5.jar
7f3b5412b000-7f3b5412f000 r--s 00038000 08:01 1107100                    /home/cubic/.sbt/boot/scala-2.12.7/org.scala-sbt/sbt/1.2.8/ssl-config-core_2.12-0.2.2.jar
7f3b5412f000-7f3b54130000 r--s 00005000 08:01 1107150                    /home/cubic/.sbt/boot/scala-2.12.7/org.scala-sbt/sbt/1.2.8/test-agent-1.2.8.jar
7f3b54130000-7f3b54330000 rw-p 00000000 00:00 0 
7f3b54330000-7f3b54530000 rw-p 00000000 00:00 0 
7f3b54530000-7f3b54533000 r--s 0001c000 08:01 1107146                    /home/cubic/.sbt/boot/scala-2.12.7/org.scala-sbt/sbt/1.2.8/scalacache-core_2.12-0.20.0.jar
7f3b54533000-7f3b54534000 r--s 00000000 08:01 1107142                    /home/cubic/.sbt/boot/scala-2.12.7/org.scala-sbt/sbt/1.2.8/reactive-streams-1.0.0.jar
7f3b54534000-7f3b54537000 r--s 0002a000 08:01 1107149                    /home/cubic/.sbt/boot/scala-2.12.7/org.scala-sbt/sbt/1.2.8/sbinary_2.12-0.5.0.jar
7f3b54537000-7f3b5453d000 r--s 0005b000 08:01 1107141                    /home/cubic/.sbt/boot/scala-2.12.7/org.scala-sbt/sbt/1.2.8/okhttp-3.7.0.jar
7f3b5453d000-7f3b5453e000 r--s 00007000 08:01 1107155                    /home/cubic/.sbt/boot/scala-2.12.7/org.scala-sbt/sbt/1.2.8/okhttp-urlconnection-3.7.0.jar
7f3b5453e000-7f3b54561000 r--s 00350000 08:01 1107111                    /home/cubic/.sbt/boot/scala-2.12.7/org.scala-sbt/sbt/1.2.8/scala-reflect-2.12.7.jar
7f3b54561000-7f3b54582000 r--s 00168000 08:01 1107107                    /home/cubic/.sbt/boot/scala-2.12.7/org.scala-sbt/sbt/1.2.8/log4j-core-2.11.1.jar
7f3b54582000-7f3b54585000 r--s 00026000 08:01 1107163                    /home/cubic/.sbt/boot/scala-2.12.7/org.scala-sbt/sbt/1.2.8/gigahorse-core_2.12-0.3.0.jar
7f3b54585000-7f3b54587000 r--s 00004000 08:01 1107156                    /home/cubic/.sbt/boot/scala-2.12.7/org.scala-sbt/sbt/1.2.8/ipcsocket-1.0.0.jar
7f3b54587000-7f3b5458b000 r--s 0015c000 08:01 1107152                    /home/cubic/.sbt/boot/scala-2.12.7/org.scala-sbt/sbt/1.2.8/jna-4.5.0.jar
7f3b5458b000-7f3b5458d000 r--s 00010000 08:01 1107119                    /home/cubic/.sbt/boot/scala-2.12.7/org.scala-sbt/sbt/1.2.8/scripted-sbt-redux_2.12-1.2.8.jar
7f3b5458d000-7f3b5458e000 r--s 0000c000 08:01 1107099                    /home/cubic/.sbt/boot/scala-2.12.7/org.scala-sbt/sbt/1.2.8/zinc-classfile_2.12-1.2.5.jar
7f3b5458e000-7f3b5458f000 r--s 00003000 08:01 1107098                    /home/cubic/.sbt/boot/scala-2.12.7/org.scala-sbt/sbt/1.2.8/util-relation_2.12-1.2.4.jar
7f3b5458f000-7f3b54593000 r--s 0004c000 08:01 1107106                    /home/cubic/.sbt/boot/scala-2.12.7/org.scala-sbt/sbt/1.2.8/collections_2.12-1.2.8.jar
7f3b54593000-7f3b54594000 r--s 00005000 08:01 1107128                    /home/cubic/.sbt/boot/scala-2.12.7/org.scala-sbt/sbt/1.2.8/log4j-slf4j-impl-2.11.1.jar
7f3b54594000-7f3b54596000 r--s 00002000 08:01 1107116                    /home/cubic/.sbt/boot/scala-2.12.7/org.scala-sbt/sbt/1.2.8/util-control_2.12-1.2.4.jar
7f3b54596000-7f3b54597000 r--s 0000f000 08:01 1107127                    /home/cubic/.sbt/boot/scala-2.12.7/org.scala-sbt/sbt/1.2.8/sbt-1.2.8.jar
7f3b54597000-7f3b54598000 r--s 00000000 08:01 1107158                    /home/cubic/.sbt/boot/scala-2.12.7/org.scala-sbt/sbt/1.2.8/util-interface-1.2.4.jar
7f3b54598000-7f3b5459a000 r--s 0002f000 08:01 1107123                    /home/cubic/.sbt/boot/scala-2.12.7/org.scala-sbt/sbt/1.2.8/util-cache_2.12-1.2.4.jar
7f3b5459a000-7f3b545a0000 r--s 00080000 08:01 1107097                    /home/cubic/.sbt/boot/scala-2.12.7/org.scala-sbt/sbt/1.2.8/scala-xml_2.12-1.0.6.jar
7f3b545a0000-7f3b545a1000 r--s 00002000 08:01 1107101                    /home/cubic/.sbt/boot/scala-2.12.7/org.scala-sbt/sbt/1.2.8/launcher-interface-1.0.4.jar
7f3b545a1000-7f3b545a4000 r--s 0003a000 08:01 1107104                    /home/cubic/.sbt/boot/scala-2.12.7/org.scala-sbt/sbt/1.2.8/util-logging_2.12-1.2.4.jar
7f3b545a4000-7f3b545a6000 r--s 00002000 08:01 1107162                    /home/cubic/.sbt/boot/scala-2.12.7/org.scala-sbt/sbt/1.2.8/test-interface-1.0.jar
7f3b545a6000-7f3b545a8000 r--s 00011000 08:01 1107135                    /home/cubic/.sbt/boot/scala-2.12.7/org.scala-sbt/sbt/1.2.8/zinc-classpath_2.12-1.2.5.jar
7f3b545a8000-7f3b545ae000 r--s 0003b000 08:01 1107157                    /home/cubic/.sbt/boot/scala-2.12.7/org.scala-sbt/sbt/1.2.8/log4j-api-2.11.1.jar
7f3b545ae000-7f3b545bb000 r--s 001a6000 08:01 1107153                    /home/cubic/.sbt/boot/scala-2.12.7/org.scala-sbt/sbt/1.2.8/scalapb-runtime_2.12-0.6.0.jar
7f3b545bb000-7f3b545c1000 r--s 000bb000 08:01 1107171                    /home/cubic/.sbt/boot/scala-2.12.7/org.scala-sbt/sbt/1.2.8/sjson-new-core_2.12-0.8.2.jar
7f3b545c1000-7f3b545c3000 r--s 00031000 08:01 1107165                    /home/cubic/.sbt/boot/scala-2.12.7/org.scala-sbt/sbt/1.2.8/actions_2.12-1.2.8.jar
7f3b545c3000-7f3b545c7000 r--s 00049000 08:01 1107113                    /home/cubic/.sbt/boot/scala-2.12.7/org.scala-sbt/sbt/1.2.8/io_2.12-1.2.2.jar
7f3b545c7000-7f3b545c9000 r--s 00019000 08:01 1107105                    /home/cubic/.sbt/boot/scala-2.12.7/org.scala-sbt/sbt/1.2.8/sourcecode_2.12-0.1.3.jar
7f3b545c9000-7f3b545cb000 r--s 00012000 08:01 1107140                    /home/cubic/.sbt/boot/scala-2.12.7/org.scala-sbt/sbt/1.2.8/core-macros_2.12-1.2.8.jar
7f3b545cb000-7f3b545cc000 r--s 00006000 08:01 1107134                    /home/cubic/.sbt/boot/scala-2.12.7/org.scala-sbt/sbt/1.2.8/util-position_2.12-1.2.4.jar
7f3b545cc000-7f3b545cf000 r--s 00044000 08:01 1107130                    /home/cubic/.sbt/boot/scala-2.12.7/org.scala-sbt/sbt/1.2.8/command_2.12-1.2.8.jar
7f3b545cf000-7f3b545d2000 r--s 00034000 08:01 1107143                    /home/cubic/.sbt/boot/scala-2.12.7/org.scala-sbt/sbt/1.2.8/zinc-compile-core_2.12-1.2.5.jar
7f3b545d2000-7f3b545dc000 r--s 000b6000 08:01 1107169                    /home/cubic/.sbt/boot/scala-2.12.7/org.scala-sbt/sbt/1.2.8/librarymanagement-core_2.12-1.2.4.jar
7f3b545dc000-7f3b545dd000 r--s 00000000 08:01 1107133                    /home/cubic/.sbt/boot/scala-2.12.7/org.scala-sbt/sbt/1.2.8/template-resolver-0.1.jar
7f3b545dd000-7f3b545e0000 r--s 00031000 08:01 1107094                    /home/cubic/.sbt/boot/scala-2.12.7/org.scala-sbt/sbt/1.2.8/compiler-bridge_2.12-1.2.5.jar
7f3b545e0000-7f3b545e2000 r--s 00007000 08:01 1107159                    /home/cubic/.sbt/boot/scala-2.12.7/org.scala-sbt/sbt/1.2.8/lenses_2.12-0.4.12.jar
7f3b545e2000-7f3b545e5000 r--s 00012000 08:01 1107160                    /home/cubic/.sbt/boot/scala-2.12.7/org.scala-sbt/sbt/1.2.8/disruptor-3.4.2.jar
7f3b545e5000-7f3b545e9000 r--s 00013000 08:01 1107115                    /home/cubic/.sbt/boot/scala-2.12.7/org.scala-sbt/sbt/1.2.8/compiler-interface-1.2.5.jar
7f3b545e9000-7f3b545ff000 r--s 000e0000 08:01 1107121                    /home/cubic/.sbt/boot/scala-2.12.7/org.scala-sbt/sbt/1.2.8/caffeine-2.5.6.jar
7f3b545ff000-7f3b54614000 r--s 00103000 08:01 1107137                    /home/cubic/.sbt/boot/scala-2.12.7/org.scala-sbt/sbt/1.2.8/ivy-2.3.0-sbt-cb9cc189e9f3af519f9f102e6c5d446488ff6832.jar
7f3b54614000-7f3b54618000 r--s 00030000 08:01 1107139                    /home/cubic/.sbt/boot/scala-2.12.7/org.scala-sbt/sbt/1.2.8/scala-parser-combinators_2.12-1.0.5.jar
7f3b54618000-7f3b5461c000 r--s 00047000 08:01 1107170                    /home/cubic/.sbt/boot/scala-2.12.7/org.scala-sbt/sbt/1.2.8/fastparse_2.12-0.4.2.jar
7f3b5461c000-7f3b5461e000 r--s 00008000 08:01 1107120                    /home/cubic/.sbt/boot/scala-2.12.7/org.scala-sbt/sbt/1.2.8/sjson-new-scalajson_2.12-0.8.2.jar
7f3b5461e000-7f3b5461f000 r--s 00003000 08:01 1107154                    /home/cubic/.sbt/boot/scala-2.12.7/org.scala-sbt/sbt/1.2.8/zinc-compile_2.12-1.2.5.jar
7f3b5461f000-7f3b54624000 r--s 00040000 08:01 1107136                    /home/cubic/.sbt/boot/scala-2.12.7/org.scala-sbt/sbt/1.2.8/jsch-0.1.54.jar
7f3b54624000-7f3b54629000 r--s 00063000 08:01 1107167                    /home/cubic/.sbt/boot/scala-2.12.7/org.scala-sbt/sbt/1.2.8/protocol_2.12-1.2.8.jar
7f3b54629000-7f3b5462a000 r--s 00001000 08:01 1107112                    /home/cubic/.sbt/boot/scala-2.12.7/org.scala-sbt/sbt/1.2.8/scalacache-caffeine_2.12-0.20.0.jar
7f3b5462a000-7f3b5462d000 r--s 0003d000 08:01 1107114                    /home/cubic/.sbt/boot/scala-2.12.7/org.scala-sbt/sbt/1.2.8/completion_2.12-1.2.8.jar
7f3b5462d000-7f3b5462e000 r--s 0000b000 08:01 1107144                    /home/cubic/.sbt/boot/scala-2.12.7/org.scala-sbt/sbt/1.2.8/zinc-ivy-integration_2.12-1.2.5.jar
7f3b5462e000-7f3b54648000 r--s 0021e000 08:01 1107103                    /home/cubic/.sbt/boot/scala-2.12.7/org.scala-sbt/sbt/1.2.8/jna-platform-4.5.0.jar
7f3b54648000-7f3b5464a000 r--s 0000f000 08:01 1107109                    /home/cubic/.sbt/boot/scala-2.12.7/org.scala-sbt/sbt/1.2.8/util-scripted_2.12-1.2.4.jar
7f3b5464a000-7f3b5484a000 rw-p 00000000 00:00 0 
7f3b5484a000-7f3b54855000 r--s 001c3000 08:01 1107118                    /home/cubic/.sbt/boot/scala-2.12.7/org.scala-sbt/sbt/1.2.8/main_2.12-1.2.8.jar
7f3b54855000-7f3b54856000 r--s 00005000 08:01 1107126                    /home/cubic/.sbt/boot/scala-2.12.7/org.scala-sbt/sbt/1.2.8/apple-file-events-1.3.2.jar
7f3b54856000-7f3b54858000 r--s 0000b000 08:01 1107108                    /home/cubic/.sbt/boot/scala-2.12.7/org.scala-sbt/sbt/1.2.8/logic_2.12-1.2.8.jar
7f3b54858000-7f3b5485c000 r--s 0003e000 08:01 1107151                    /home/cubic/.sbt/boot/scala-2.12.7/org.scala-sbt/sbt/1.2.8/jline-2.14.6.jar
7f3b5485c000-7f3b54863000 r--s 00091000 08:01 1107117                    /home/cubic/.sbt/boot/scala-2.12.7/org.scala-sbt/sbt/1.2.8/main-settings_2.12-1.2.8.jar
7f3b54863000-7f3b54865000 r--s 0000f000 08:01 1107166                    /home/cubic/.sbt/boot/scala-2.12.7/org.scala-sbt/sbt/1.2.8/shaded-scalajson_2.12-1.0.0-M4.jar
7f3b54865000-7f3b54867000 r--s 0000e000 08:01 1107125                    /home/cubic/.sbt/boot/scala-2.12.7/org.scala-sbt/sbt/1.2.8/zinc_2.12-1.2.5.jar
7f3b54867000-7f3b54869000 r--s 00024000 08:01 1107131                    /home/cubic/.sbt/boot/scala-2.12.7/org.scala-sbt/sbt/1.2.8/zinc-apiinfo_2.12-1.2.5.jar
7f3b54869000-7f3b5486b000 r--s 00011000 08:01 1107122                    /home/cubic/.sbt/boot/scala-2.12.7/org.scala-sbt/sbt/1.2.8/jawn-parser_2.12-0.10.4.jar
7f3b5486b000-7f3b5486d000 r--s 0000e000 08:01 1107173                    /home/cubic/.sbt/boot/scala-2.12.7/org.scala-sbt/sbt/1.2.8/fastparse-utils_2.12-0.4.2.jar
7f3b5486d000-7f3b5486f000 r--s 00007000 08:01 1107147                    /home/cubic/.sbt/boot/scala-2.12.7/org.scala-sbt/sbt/1.2.8/util-tracking_2.12-1.2.4.jar
7f3b5486f000-7f3b54870000 r--s 00001000 08:01 1107132                    /home/cubic/.sbt/boot/scala-2.12.7/org.scala-sbt/sbt/1.2.8/sjson-new-murmurhash_2.12-0.8.2.jar
7f3b54870000-7f3b54875000 r--s 00031000 08:01 1107164                    /home/cubic/.sbt/boot/scala-2.12.7/org.scala-sbt/sbt/1.2.8/config-1.2.0.jar
7f3b54875000-7f3b54877000 r--s 00019000 08:01 1107124                    /home/cubic/.sbt/boot/scala-2.12.7/org.scala-sbt/sbt/1.2.8/task-system_2.12-1.2.8.jar
7f3b54877000-7f3b54878000 r--s 00011000 08:01 1107102                    /home/cubic/.sbt/boot/scala-2.12.7/org.scala-sbt/sbt/1.2.8/run_2.12-1.2.8.jar
7f3b54878000-7f3b54879000 r--s 00000000 08:01 1107161                    /home/cubic/.sbt/boot/scala-2.12.7/org.scala-sbt/sbt/1.2.8/scripted-plugin_2.12-1.2.8.jar
7f3b54879000-7f3b5487b000 r--s 00012000 08:01 1107138                    /home/cubic/.sbt/boot/scala-2.12.7/org.scala-sbt/sbt/1.2.8/tasks_2.12-1.2.8.jar
7f3b5487b000-7f3b5487d000 r--s 00009000 08:01 1107168                    /home/cubic/.sbt/boot/scala-2.12.7/org.scala-sbt/sbt/1.2.8/slf4j-api-1.7.25.jar
7f3b5487d000-7f3b54880000 r--s 0002e000 08:01 1107129                    /home/cubic/.sbt/boot/scala-2.12.7/org.scala-sbt/sbt/1.2.8/testing_2.12-1.2.8.jar
7f3b54880000-7f3b5488f000 r--s 0013d000 08:01 1107095                    /home/cubic/.sbt/boot/scala-2.12.7/org.scala-sbt/sbt/1.2.8/protobuf-java-3.3.1.jar
7f3b5488f000-7f3b54893000 r--s 00052000 08:01 1107148                    /home/cubic/.sbt/boot/scala-2.12.7/org.scala-sbt/sbt/1.2.8/zinc-core_2.12-1.2.5.jar
7f3b54893000-7f3b548e2000 r--s 009b0000 08:01 1107177                    /home/cubic/.sbt/boot/scala-2.12.7/lib/scala-compiler.jar
7f3b548e2000-7f3b54919000 r--s 004d2000 08:01 1107178                    /home/cubic/.sbt/boot/scala-2.12.7/lib/scala-library.jar
7f3b54919000-7f3b5492a000 r-xp 00000000 08:01 303831                     /usr/lib/jvm/java-8-openjdk-amd64/jre/lib/amd64/libnio.so
7f3b5492a000-7f3b54b29000 ---p 00011000 08:01 303831                     /usr/lib/jvm/java-8-openjdk-amd64/jre/lib/amd64/libnio.so
7f3b54b29000-7f3b54b2a000 r--p 00010000 08:01 303831                     /usr/lib/jvm/java-8-openjdk-amd64/jre/lib/amd64/libnio.so
7f3b54b2a000-7f3b54b2b000 rw-p 00011000 08:01 303831                     /usr/lib/jvm/java-8-openjdk-amd64/jre/lib/amd64/libnio.so
7f3b54b2b000-7f3b54b41000 r-xp 00000000 08:01 303858                     /usr/lib/jvm/java-8-openjdk-amd64/jre/lib/amd64/libnet.so
7f3b54b41000-7f3b54d41000 ---p 00016000 08:01 303858                     /usr/lib/jvm/java-8-openjdk-amd64/jre/lib/amd64/libnet.so
7f3b54d41000-7f3b54d42000 r--p 00016000 08:01 303858                     /usr/lib/jvm/java-8-openjdk-amd64/jre/lib/amd64/libnet.so
7f3b54d42000-7f3b54d43000 rw-p 00017000 08:01 303858                     /usr/lib/jvm/java-8-openjdk-amd64/jre/lib/amd64/libnet.so
7f3b54d43000-7f3b54d44000 ---p 00000000 00:00 0 
7f3b54d44000-7f3b54e44000 rw-p 00000000 00:00 0 
7f3b54e44000-7f3b54e47000 ---p 00000000 00:00 0 
7f3b54e47000-7f3b54f45000 rw-p 00000000 00:00 0 
7f3b54f45000-7f3b54f48000 ---p 00000000 00:00 0 
7f3b54f48000-7f3b55046000 rw-p 00000000 00:00 0 
7f3b55046000-7f3b55049000 ---p 00000000 00:00 0 
7f3b55049000-7f3b55147000 rw-p 00000000 00:00 0 
7f3b55147000-7f3b5514a000 ---p 00000000 00:00 0 
7f3b5514a000-7f3b55248000 rw-p 00000000 00:00 0 
7f3b55248000-7f3b55d47000 r--p 00000000 08:01 271828                     /usr/lib/locale/locale-archive
7f3b55d47000-7f3b55d4a000 ---p 00000000 00:00 0 
7f3b55d4a000-7f3b55e48000 rw-p 00000000 00:00 0 
7f3b55e48000-7f3b55e4b000 ---p 00000000 00:00 0 
7f3b55e4b000-7f3b55f49000 rw-p 00000000 00:00 0 
7f3b55f49000-7f3b55f4a000 ---p 00000000 00:00 0 
7f3b55f4a000-7f3b5604a000 rw-p 00000000 00:00 0 
7f3b5604a000-7f3b56219000 r--s 03c3b000 08:01 303866                     /usr/lib/jvm/java-8-openjdk-amd64/jre/lib/rt.jar
7f3b56219000-7f3b56a19000 rw-p 00000000 00:00 0 
7f3b56a19000-7f3b56d6f000 rw-p 00000000 00:00 0 
7f3b56d6f000-7f3b56e35000 rw-p 00000000 00:00 0 
7f3b56e35000-7f3b56f70000 ---p 00000000 00:00 0 
7f3b56f70000-7f3b5a0b0000 rwxp 00000000 00:00 0 
7f3b5a0b0000-7f3b5ef70000 ---p 00000000 00:00 0 
7f3b5ef70000-7f3b5ef78000 r-xp 00000000 08:01 303865                     /usr/lib/jvm/java-8-openjdk-amd64/jre/lib/amd64/libzip.so
7f3b5ef78000-7f3b5f177000 ---p 00008000 08:01 303865                     /usr/lib/jvm/java-8-openjdk-amd64/jre/lib/amd64/libzip.so
7f3b5f177000-7f3b5f178000 r--p 00007000 08:01 303865                     /usr/lib/jvm/java-8-openjdk-amd64/jre/lib/amd64/libzip.so
7f3b5f178000-7f3b5f179000 rw-p 00008000 08:01 303865                     /usr/lib/jvm/java-8-openjdk-amd64/jre/lib/amd64/libzip.so
7f3b5f179000-7f3b5f184000 r-xp 00000000 08:01 925533                     /lib/x86_64-linux-gnu/libnss_files-2.23.so
7f3b5f184000-7f3b5f383000 ---p 0000b000 08:01 925533                     /lib/x86_64-linux-gnu/libnss_files-2.23.so
7f3b5f383000-7f3b5f384000 r--p 0000a000 08:01 925533                     /lib/x86_64-linux-gnu/libnss_files-2.23.so
7f3b5f384000-7f3b5f385000 rw-p 0000b000 08:01 925533                     /lib/x86_64-linux-gnu/libnss_files-2.23.so
7f3b5f385000-7f3b5f38b000 rw-p 00000000 00:00 0 
7f3b5f38b000-7f3b5f396000 r-xp 00000000 08:01 925543                     /lib/x86_64-linux-gnu/libnss_nis-2.23.so
7f3b5f396000-7f3b5f595000 ---p 0000b000 08:01 925543                     /lib/x86_64-linux-gnu/libnss_nis-2.23.so
7f3b5f595000-7f3b5f596000 r--p 0000a000 08:01 925543                     /lib/x86_64-linux-gnu/libnss_nis-2.23.so
7f3b5f596000-7f3b5f597000 rw-p 0000b000 08:01 925543                     /lib/x86_64-linux-gnu/libnss_nis-2.23.so
7f3b5f597000-7f3b5f5ad000 r-xp 00000000 08:01 925527                     /lib/x86_64-linux-gnu/libnsl-2.23.so
7f3b5f5ad000-7f3b5f7ac000 ---p 00016000 08:01 925527                     /lib/x86_64-linux-gnu/libnsl-2.23.so
7f3b5f7ac000-7f3b5f7ad000 r--p 00015000 08:01 925527                     /lib/x86_64-linux-gnu/libnsl-2.23.so
7f3b5f7ad000-7f3b5f7ae000 rw-p 00016000 08:01 925527                     /lib/x86_64-linux-gnu/libnsl-2.23.so
7f3b5f7ae000-7f3b5f7b0000 rw-p 00000000 00:00 0 
7f3b5f7b0000-7f3b5f7b8000 r-xp 00000000 08:01 925529                     /lib/x86_64-linux-gnu/libnss_compat-2.23.so
7f3b5f7b8000-7f3b5f9b7000 ---p 00008000 08:01 925529                     /lib/x86_64-linux-gnu/libnss_compat-2.23.so
7f3b5f9b7000-7f3b5f9b8000 r--p 00007000 08:01 925529                     /lib/x86_64-linux-gnu/libnss_compat-2.23.so
7f3b5f9b8000-7f3b5f9b9000 rw-p 00008000 08:01 925529                     /lib/x86_64-linux-gnu/libnss_compat-2.23.so
7f3b5f9b9000-7f3b5f9e5000 r-xp 00000000 08:01 303846                     /usr/lib/jvm/java-8-openjdk-amd64/jre/lib/amd64/libjava.so
7f3b5f9e5000-7f3b5fbe4000 ---p 0002c000 08:01 303846                     /usr/lib/jvm/java-8-openjdk-amd64/jre/lib/amd64/libjava.so
7f3b5fbe4000-7f3b5fbe5000 r--p 0002b000 08:01 303846                     /usr/lib/jvm/java-8-openjdk-amd64/jre/lib/amd64/libjava.so
7f3b5fbe5000-7f3b5fbe7000 rw-p 0002c000 08:01 303846                     /usr/lib/jvm/java-8-openjdk-amd64/jre/lib/amd64/libjava.so
7f3b5fbe7000-7f3b5fbf6000 r-xp 00000000 08:01 303834                     /usr/lib/jvm/java-8-openjdk-amd64/jre/lib/amd64/libverify.so
7f3b5fbf6000-7f3b5fdf5000 ---p 0000f000 08:01 303834                     /usr/lib/jvm/java-8-openjdk-amd64/jre/lib/amd64/libverify.so
7f3b5fdf5000-7f3b5fdf7000 r--p 0000e000 08:01 303834                     /usr/lib/jvm/java-8-openjdk-amd64/jre/lib/amd64/libverify.so
7f3b5fdf7000-7f3b5fdf8000 rw-p 00010000 08:01 303834                     /usr/lib/jvm/java-8-openjdk-amd64/jre/lib/amd64/libverify.so
7f3b5fdf8000-7f3b5fdff000 r-xp 00000000 08:01 925588                     /lib/x86_64-linux-gnu/librt-2.23.so
7f3b5fdff000-7f3b5fffe000 ---p 00007000 08:01 925588                     /lib/x86_64-linux-gnu/librt-2.23.so
7f3b5fffe000-7f3b5ffff000 r--p 00006000 08:01 925588                     /lib/x86_64-linux-gnu/librt-2.23.so
7f3b5ffff000-7f3b60000000 rw-p 00007000 08:01 925588                     /lib/x86_64-linux-gnu/librt-2.23.so
7f3b60000000-7f3b62e37000 rw-p 00000000 00:00 0 
7f3b62e37000-7f3b64000000 ---p 00000000 00:00 0 
7f3b64000000-7f3b64005000 r--s 00095000 08:01 1107110                    /home/cubic/.sbt/boot/scala-2.12.7/org.scala-sbt/sbt/1.2.8/librarymanagement-ivy_2.12-1.2.4.jar
7f3b64005000-7f3b64009000 r--s 0003e000 08:01 1107179                    /home/cubic/.sbt/boot/scala-2.12.7/lib/jline.jar
7f3b64009000-7f3b6400f000 r--s 00080000 08:01 1107175                    /home/cubic/.sbt/boot/scala-2.12.7/lib/scala-xml_2.12.jar
7f3b6400f000-7f3b64032000 r--s 00350000 08:01 1107176                    /home/cubic/.sbt/boot/scala-2.12.7/lib/scala-reflect.jar
7f3b64032000-7f3b6404f000 r--s 0011a000 08:01 307757                     /usr/share/sbt/bin/sbt-launch.jar
7f3b6404f000-7f3b6406a000 r--s 00394000 08:01 303896                     /usr/lib/jvm/java-8-openjdk-amd64/jre/lib/ext/cldrdata.jar
7f3b6406a000-7f3b64085000 r--s 001d6000 08:01 303897                     /usr/lib/jvm/java-8-openjdk-amd64/jre/lib/ext/nashorn.jar
7f3b64085000-7f3b640d3000 rw-p 00000000 00:00 0 
7f3b640d3000-7f3b640e9000 r-xp 00000000 08:01 925472                     /lib/x86_64-linux-gnu/libgcc_s.so.1
7f3b640e9000-7f3b642e8000 ---p 00016000 08:01 925472                     /lib/x86_64-linux-gnu/libgcc_s.so.1
7f3b642e8000-7f3b642e9000 rw-p 00015000 08:01 925472                     /lib/x86_64-linux-gnu/libgcc_s.so.1
7f3b642e9000-7f3b643f1000 r-xp 00000000 08:01 925504                     /lib/x86_64-linux-gnu/libm-2.23.so
7f3b643f1000-7f3b645f0000 ---p 00108000 08:01 925504                     /lib/x86_64-linux-gnu/libm-2.23.so
7f3b645f0000-7f3b645f1000 r--p 00107000 08:01 925504                     /lib/x86_64-linux-gnu/libm-2.23.so
7f3b645f1000-7f3b645f2000 rw-p 00108000 08:01 925504                     /lib/x86_64-linux-gnu/libm-2.23.so
7f3b645f2000-7f3b64764000 r-xp 00000000 08:01 275742                     /usr/lib/x86_64-linux-gnu/libstdc++.so.6.0.21
7f3b64764000-7f3b64964000 ---p 00172000 08:01 275742                     /usr/lib/x86_64-linux-gnu/libstdc++.so.6.0.21
7f3b64964000-7f3b6496e000 r--p 00172000 08:01 275742                     /usr/lib/x86_64-linux-gnu/libstdc++.so.6.0.21
7f3b6496e000-7f3b64970000 rw-p 0017c000 08:01 275742                     /usr/lib/x86_64-linux-gnu/libstdc++.so.6.0.21
7f3b64970000-7f3b64974000 rw-p 00000000 00:00 0 
7f3b64974000-7f3b655d8000 r-xp 00000000 08:01 303844                     /usr/lib/jvm/java-8-openjdk-amd64/jre/lib/amd64/server/libjvm.so
7f3b655d8000-7f3b657d7000 ---p 00c64000 08:01 303844                     /usr/lib/jvm/java-8-openjdk-amd64/jre/lib/amd64/server/libjvm.so
7f3b657d7000-7f3b6586b000 r--p 00c63000 08:01 303844                     /usr/lib/jvm/java-8-openjdk-amd64/jre/lib/amd64/server/libjvm.so
7f3b6586b000-7f3b65894000 rw-p 00cf7000 08:01 303844                     /usr/lib/jvm/java-8-openjdk-amd64/jre/lib/amd64/server/libjvm.so
7f3b65894000-7f3b658c4000 rw-p 00000000 00:00 0 
7f3b658c4000-7f3b658dc000 r-xp 00000000 08:01 925580                     /lib/x86_64-linux-gnu/libpthread-2.23.so
7f3b658dc000-7f3b65adb000 ---p 00018000 08:01 925580                     /lib/x86_64-linux-gnu/libpthread-2.23.so
7f3b65adb000-7f3b65adc000 r--p 00017000 08:01 925580                     /lib/x86_64-linux-gnu/libpthread-2.23.so
7f3b65adc000-7f3b65add000 rw-p 00018000 08:01 925580                     /lib/x86_64-linux-gnu/libpthread-2.23.so
7f3b65add000-7f3b65ae1000 rw-p 00000000 00:00 0 
7f3b65ae1000-7f3b65ae4000 r-xp 00000000 08:01 925458                     /lib/x86_64-linux-gnu/libdl-2.23.so
7f3b65ae4000-7f3b65ce3000 ---p 00003000 08:01 925458                     /lib/x86_64-linux-gnu/libdl-2.23.so
7f3b65ce3000-7f3b65ce4000 r--p 00002000 08:01 925458                     /lib/x86_64-linux-gnu/libdl-2.23.so
7f3b65ce4000-7f3b65ce5000 rw-p 00003000 08:01 925458                     /lib/x86_64-linux-gnu/libdl-2.23.so
7f3b65ce5000-7f3b65cfe000 r-xp 00000000 08:01 925625                     /lib/x86_64-linux-gnu/libz.so.1.2.8
7f3b65cfe000-7f3b65efd000 ---p 00019000 08:01 925625                     /lib/x86_64-linux-gnu/libz.so.1.2.8
7f3b65efd000-7f3b65efe000 r--p 00018000 08:01 925625                     /lib/x86_64-linux-gnu/libz.so.1.2.8
7f3b65efe000-7f3b65eff000 rw-p 00019000 08:01 925625                     /lib/x86_64-linux-gnu/libz.so.1.2.8
7f3b65eff000-7f3b660bf000 r-xp 00000000 08:01 925434                     /lib/x86_64-linux-gnu/libc-2.23.so
7f3b660bf000-7f3b662bf000 ---p 001c0000 08:01 925434                     /lib/x86_64-linux-gnu/libc-2.23.so
7f3b662bf000-7f3b662c3000 r--p 001c0000 08:01 925434                     /lib/x86_64-linux-gnu/libc-2.23.so
7f3b662c3000-7f3b662c5000 rw-p 001c4000 08:01 925434                     /lib/x86_64-linux-gnu/libc-2.23.so
7f3b662c5000-7f3b662c9000 rw-p 00000000 00:00 0 
7f3b662c9000-7f3b662d6000 r-xp 00000000 08:01 303864                     /usr/lib/jvm/java-8-openjdk-amd64/jre/lib/amd64/jli/libjli.so
7f3b662d6000-7f3b664d5000 ---p 0000d000 08:01 303864                     /usr/lib/jvm/java-8-openjdk-amd64/jre/lib/amd64/jli/libjli.so
7f3b664d5000-7f3b664d6000 r--p 0000c000 08:01 303864                     /usr/lib/jvm/java-8-openjdk-amd64/jre/lib/amd64/jli/libjli.so
7f3b664d6000-7f3b664d7000 rw-p 0000d000 08:01 303864                     /usr/lib/jvm/java-8-openjdk-amd64/jre/lib/amd64/jli/libjli.so
7f3b664d7000-7f3b664fd000 r-xp 00000000 08:01 925406                     /lib/x86_64-linux-gnu/ld-2.23.so
7f3b664fd000-7f3b664ff000 r--s 00012000 08:01 1107172                    /home/cubic/.sbt/boot/scala-2.12.7/org.scala-sbt/sbt/1.2.8/okio-1.12.0.jar
7f3b664ff000-7f3b66500000 r--s 00009000 08:01 1107096                    /home/cubic/.sbt/boot/scala-2.12.7/org.scala-sbt/sbt/1.2.8/gigahorse-okhttp_2.12-0.3.0.jar
7f3b66500000-7f3b66502000 r--s 00008000 08:01 303899                     /usr/lib/jvm/java-8-openjdk-amd64/jre/lib/ext/sunec.jar
7f3b66502000-7f3b6650c000 r--s 00116000 08:01 303903                     /usr/lib/jvm/java-8-openjdk-amd64/jre/lib/ext/localedata.jar
7f3b6650c000-7f3b6650e000 r--s 00001000 08:01 303902                     /usr/lib/jvm/java-8-openjdk-amd64/jre/lib/ext/dnsns.jar
7f3b6650e000-7f3b665df000 rw-p 00000000 00:00 0 
7f3b665df000-7f3b665e2000 ---p 00000000 00:00 0 
7f3b665e2000-7f3b666e4000 rw-p 00000000 00:00 0 
7f3b666e4000-7f3b666e5000 r--s 00010000 08:01 303898                     /usr/lib/jvm/java-8-openjdk-amd64/jre/lib/ext/zipfs.jar
7f3b666e5000-7f3b666e8000 r--s 00039000 08:01 303904                     /usr/lib/jvm/java-8-openjdk-amd64/jre/lib/ext/sunpkcs11.jar
7f3b666e8000-7f3b666ed000 r--s 0003c000 08:01 303900                     /usr/lib/jvm/java-8-openjdk-amd64/jre/lib/ext/sunjce_provider.jar
7f3b666ed000-7f3b666f0000 r--s 0000f000 08:01 303895                     /usr/lib/jvm/java-8-openjdk-amd64/jre/lib/ext/icedtea-sound.jar
7f3b666f0000-7f3b666f1000 r--s 0000a000 08:01 303901                     /usr/lib/jvm/java-8-openjdk-amd64/jre/lib/ext/jaccess.jar
7f3b666f1000-7f3b666f9000 rw-s 00000000 08:01 267422                     /tmp/hsperfdata_cubic/4830
7f3b666f9000-7f3b666fa000 rw-p 00000000 00:00 0 
7f3b666fa000-7f3b666fb000 r--p 00000000 00:00 0 
7f3b666fb000-7f3b666fc000 rw-p 00000000 00:00 0 
7f3b666fc000-7f3b666fd000 r--p 00025000 08:01 925406                     /lib/x86_64-linux-gnu/ld-2.23.so
7f3b666fd000-7f3b666fe000 rw-p 00026000 08:01 925406                     /lib/x86_64-linux-gnu/ld-2.23.so
7f3b666fe000-7f3b666ff000 rw-p 00000000 00:00 0 
7ffd8d795000-7ffd8d7b6000 rw-p 00000000 00:00 0                          [stack]
7ffd8d7cc000-7ffd8d7cf000 r--p 00000000 00:00 0                          [vvar]
7ffd8d7cf000-7ffd8d7d1000 r-xp 00000000 00:00 0                          [vdso]
ffffffffff600000-ffffffffff601000 r-xp 00000000 00:00 0                  [vsyscall]

VM Arguments:
jvm_args: -Xms1024m -Xmx1024m -XX:ReservedCodeCacheSize=128m -XX:MaxMetaspaceSize=256m 
java_command: /usr/share/sbt/bin/sbt-launch.jar package
java_class_path (initial): /usr/share/sbt/bin/sbt-launch.jar
Launcher Type: SUN_STANDARD

Environment Variables:
PATH=/home/cubic/bin:/home/cubic/.local/bin:/usr/local/sbin:/usr/local/bin:/usr/sbin:/usr/bin:/sbin:/bin:/usr/games:/usr/local/games:/snap/bin
SHELL=/bin/bash
DISPLAY=:0

Signal Handlers:
SIGSEGV: [libjvm.so+0xa765a0], sa_mask[0]=11111111011111111101111111111110, sa_flags=SA_RESTART|SA_SIGINFO
SIGBUS: [libjvm.so+0xa765a0], sa_mask[0]=11111111011111111101111111111110, sa_flags=SA_RESTART|SA_SIGINFO
SIGFPE: [libjvm.so+0x8bd800], sa_mask[0]=11111111011111111101111111111110, sa_flags=SA_RESTART|SA_SIGINFO
SIGPIPE: [libjvm.so+0x8bd800], sa_mask[0]=11111111011111111101111111111110, sa_flags=SA_RESTART|SA_SIGINFO
SIGXFSZ: [libjvm.so+0x8bd800], sa_mask[0]=11111111011111111101111111111110, sa_flags=SA_RESTART|SA_SIGINFO
SIGILL: [libjvm.so+0x8bd800], sa_mask[0]=11111111011111111101111111111110, sa_flags=SA_RESTART|SA_SIGINFO
SIGUSR1: SIG_DFL, sa_mask[0]=00000000000000000000000000000000, sa_flags=none
SIGUSR2: [libjvm.so+0x8bd6b0], sa_mask[0]=00100000000000000000000000000000, sa_flags=SA_RESTART|SA_SIGINFO
SIGHUP: [libjvm.so+0x8bdd40], sa_mask[0]=11111111011111111101111111111110, sa_flags=SA_RESTART|SA_SIGINFO
SIGINT: [libjvm.so+0x8bdd40], sa_mask[0]=11111111011111111101111111111110, sa_flags=SA_RESTART|SA_SIGINFO
SIGTERM: [libjvm.so+0x8bdd40], sa_mask[0]=11111111011111111101111111111110, sa_flags=SA_RESTART|SA_SIGINFO
SIGQUIT: [libjvm.so+0x8bdd40], sa_mask[0]=11111111011111111101111111111110, sa_flags=SA_RESTART|SA_SIGINFO


---------------  S Y S T E M  ---------------

OS:DISTRIB_ID=Ubuntu
DISTRIB_RELEASE=16.04
DISTRIB_CODENAME=xenial
DISTRIB_DESCRIPTION="Ubuntu 16.04.5 LTS"

uname:Linux 4.15.0-51-generic #55~16.04.1-Ubuntu SMP Thu May 16 09:24:37 UTC 2019 x86_64
libc:glibc 2.23 NPTL 2.23 
rlimit: STACK 8192k, CORE 0k, NPROC 15543, NOFILE 1048576, AS infinity
load average:9.86 6.45 3.30

/proc/meminfo:
MemTotal:        4039688 kB
MemFree:           84932 kB
MemAvailable:          0 kB
Buffers:             620 kB
Cached:            66572 kB
SwapCached:           96 kB
Active:          3181276 kB
Inactive:         642896 kB
Active(anon):    3173716 kB
Inactive(anon):   634748 kB
Active(file):       7560 kB
Inactive(file):     8148 kB
Unevictable:          32 kB
Mlocked:              32 kB
SwapTotal:        998396 kB
SwapFree:              0 kB
Dirty:               140 kB
Writeback:           164 kB
AnonPages:       3757192 kB
Mapped:            31720 kB
Shmem:             51220 kB
Slab:              53800 kB
SReclaimable:      26132 kB
SUnreclaim:        27668 kB
KernelStack:       10720 kB
PageTables:        41808 kB
NFS_Unstable:          0 kB
Bounce:                0 kB
WritebackTmp:          0 kB
CommitLimit:     3018240 kB
Committed_AS:    8164568 kB
VmallocTotal:   34359738367 kB
VmallocUsed:           0 kB
VmallocChunk:          0 kB
HardwareCorrupted:     0 kB
AnonHugePages:         0 kB
ShmemHugePages:        0 kB
ShmemPmdMapped:        0 kB
CmaTotal:              0 kB
CmaFree:               0 kB
HugePages_Total:       0
HugePages_Free:        0
HugePages_Rsvd:        0
HugePages_Surp:        0
Hugepagesize:       2048 kB
DirectMap4k:       85952 kB
DirectMap2M:     4108288 kB

container (cgroup) information:
container_type: cgroupv1
cpu_cpuset_cpus: 0
cpu_memory_nodes: 0
active_processor_count: 1
cpu_quota: -1
cpu_period: 100000
cpu_shares: -1
memory_limit_in_bytes: -1
memory_and_swap_limit_in_bytes: -2
memory_soft_limit_in_bytes: -1
memory_usage_in_bytes: 3916087296
memory_max_usage_in_bytes: 0


CPU:total 1 (initial active 1) (1 cores per cpu, 1 threads per core) family 6 model 94 stepping 3, cmov, cx8, fxsr, mmx, sse, sse2, sse3, ssse3, sse4.1, sse4.2, popcnt, avx, avx2, aes, clmul, 3dnowpref, lzcnt, tsc, tscinvbit

/proc/cpuinfo:
processor	: 0
vendor_id	: GenuineIntel
cpu family	: 6
model		: 94
model name	: Intel(R) Core(TM) i7-6700T CPU @ 2.80GHz
stepping	: 3
cpu MHz		: 2808.002
cache size	: 8192 KB
physical id	: 0
siblings	: 1
core id		: 0
cpu cores	: 1
apicid		: 0
initial apicid	: 0
fpu		: yes
fpu_exception	: yes
cpuid level	: 22
wp		: yes
flags		: fpu vme de pse tsc msr pae mce cx8 apic sep mtrr pge mca cmov pat pse36 clflush mmx fxsr sse sse2 ht syscall nx rdtscp lm constant_tsc rep_good nopl xtopology nonstop_tsc cpuid tsc_known_freq pni pclmulqdq monitor ssse3 cx16 pcid sse4_1 sse4_2 x2apic movbe popcnt aes xsave avx rdrand hypervisor lahf_lm abm 3dnowprefetch invpcid_single pti fsgsbase avx2 invpcid rdseed clflushopt
bugs		: cpu_meltdown spectre_v1 spectre_v2 spec_store_bypass l1tf mds
bogomips	: 5616.00
clflush size	: 64
cache_alignment	: 64
address sizes	: 39 bits physical, 48 bits virtual
power management:



Memory: 4k page, physical 4039688k(85208k free), swap 998396k(0k free)

vm_info: OpenJDK 64-Bit Server VM (25.212-b03) for linux-amd64 JRE (1.8.0_212-8u212-b03-0ubuntu1.16.04.1-b03), built on Apr 26 2019 02:02:50 by "buildd" with gcc 5.4.0 20160609

time: Wed Jun 12 21:22:08 2019
timezone: KST
elapsed time: 318 seconds (0d 0h 5m 18s)

